Buildfile: build.xml

catalog:

compile_core:
   [depend] Deleted 17 out of date files in 0 seconds
    [javac] Compiling 13 source files to /home/mike/voltdb/fork/voltdb/obj/release/prod

compile_pro:

compile:

licensecheck:
     [exec] SUCCESS. Found 0 license text errors, 0 files containing tabs or trailing whitespace.

jnicompile_temp:
   [delete] Deleting: /home/mike/voltdb/fork/voltdb/obj/release/org_voltdb_jni_ExecutionEngine.h
   [delete] Deleting: /home/mike/voltdb/fork/voltdb/obj/release/org_voltdb_utils_DBBPool.h
    [javah] [Search path = /usr/lib/jvm/java-6-sun-1.6.0.26/jre/lib/resources.jar:/usr/lib/jvm/java-6-sun-1.6.0.26/jre/lib/rt.jar:/usr/lib/jvm/java-6-sun-1.6.0.26/jre/lib/sunrsasign.jar:/usr/lib/jvm/java-6-sun-1.6.0.26/jre/lib/jsse.jar:/usr/lib/jvm/java-6-sun-1.6.0.26/jre/lib/jce.jar:/usr/lib/jvm/java-6-sun-1.6.0.26/jre/lib/charsets.jar:/usr/lib/jvm/java-6-sun-1.6.0.26/jre/lib/modules/jdk.boot.jar:/usr/lib/jvm/java-6-sun-1.6.0.26/jre/classes:/home/mike/voltdb/fork/voltdb/obj/release/prod:/home/mike/voltdb/fork/voltdb/obj/release/test:/home/mike/voltdb/fork/voltdb/lib/commons-lang3-3.0.jar:/home/mike/voltdb/fork/voltdb/lib/jetty-continuation-7.6.1.v20120215.jar:/home/mike/voltdb/fork/voltdb/lib/jetty-http-7.6.1.v20120215.jar:/home/mike/voltdb/fork/voltdb/lib/jetty-io-7.6.1.v20120215.jar:/home/mike/voltdb/fork/voltdb/lib/jetty-server-7.6.1.v20120215.jar:/home/mike/voltdb/fork/voltdb/lib/jetty-util-7.6.1.v20120215.jar:/home/mike/voltdb/fork/voltdb/lib/jline-1.0.jar:/home/mike/voltdb/fork/voltdb/lib/jna.jar:/home/mike/voltdb/fork/voltdb/lib/log4j-1.2.16.jar:/home/mike/voltdb/fork/voltdb/lib/protobuf-java-2.4.1.jar:/home/mike/voltdb/fork/voltdb/lib/servlet-api-2.5.jar:/home/mike/voltdb/fork/voltdb/lib/slf4j-api-1.6.2.jar:/home/mike/voltdb/fork/voltdb/lib/slf4j-nop-1.6.2.jar:/home/mike/voltdb/fork/voltdb/lib/snappy-java-1.0.4.1.jar:/home/mike/voltdb/fork/voltdb/lib/zmq-2.1.11.jar:/home/mike/voltdb/fork/voltdb/third_party/java/jars/ant-junit.jar:/home/mike/voltdb/fork/voltdb/third_party/java/jars/ant-testability-explorer.jar:/home/mike/voltdb/fork/voltdb/third_party/java/jars/ant_doxygen.jar:/home/mike/voltdb/fork/voltdb/third_party/java/jars/emma.jar:/home/mike/voltdb/fork/voltdb/third_party/java/jars/emma_ant.jar:/home/mike/voltdb/fork/voltdb/third_party/java/jars/japex.jar:/home/mike/voltdb/fork/voltdb/third_party/java/jars/jcommon-1.0.16.jar:/home/mike/voltdb/fork/voltdb/third_party/java/jars/jfreechart-1.0.13.jar:/home/mike/voltdb/fork/voltdb/third_party/java/jars/junit-4.8.2.jar:/home/mike/voltdb/fork/voltdb/third_party/java/jars/mockito-all-1.9.0.jar:/home/mike/voltdb/fork/voltdb/third_party/java/jars/pmd-4.2.5.jar:/home/mike/voltdb/fork/voltdb/third_party/java/jars/testability-explorer.jar:/usr/share/ant/lib/ant-launcher.jar:/usr/share/java/xmlParserAPIs.jar:/usr/share/java/xercesImpl.jar:/usr/share/ant/lib/ant-apache-bcel.jar:/usr/share/ant/lib/ant-apache-resolver.jar:/usr/share/ant/lib/ant-javamail.jar:/usr/share/ant/lib/ant-jsch.jar:/usr/share/ant/lib/ant-jmf.jar:/usr/share/ant/lib/ant-commons-net.jar:/usr/share/ant/lib/ant-apache-oro.jar:/usr/share/ant/lib/ant-apache-bsf.jar:/usr/share/ant/lib/ant-jdepend.jar:/usr/share/ant/lib/ant-trax.jar:/usr/share/ant/lib/ant-apache-log4j.jar:/usr/share/ant/lib/ant-swing.jar:/usr/share/ant/lib/junit.jar:/usr/share/ant/lib/ant-commons-logging.jar:/usr/share/ant/lib/ant-junit.jar:/usr/share/ant/lib/ant.jar:/usr/share/ant/lib/ant-antlr.jar:/usr/share/ant/lib/ant-nodeps.jar:/usr/share/ant/lib/ant-apache-regexp.jar:/usr/lib/jvm/java-6-sun-1.6.0.26/lib/tools.jar]
    [javah] [Loaded /home/mike/voltdb/fork/voltdb/obj/release/prod/org/voltdb/jni/ExecutionEngine.class]
    [javah] [Loaded /usr/lib/jvm/java-6-sun-1.6.0.26/jre/lib/rt.jar(java/lang/Object.class)]
    [javah] [Loaded /usr/lib/jvm/java-6-sun-1.6.0.26/jre/lib/rt.jar(java/nio/ByteBuffer.class)]
    [javah] [Loaded /usr/lib/jvm/java-6-sun-1.6.0.26/jre/lib/rt.jar(java/nio/Buffer.class)]
    [javah] [Forcefully writing file /home/mike/voltdb/fork/voltdb/obj/release/org_voltdb_jni_ExecutionEngine.h]
    [javah] [Search path = /usr/lib/jvm/java-6-sun-1.6.0.26/jre/lib/resources.jar:/usr/lib/jvm/java-6-sun-1.6.0.26/jre/lib/rt.jar:/usr/lib/jvm/java-6-sun-1.6.0.26/jre/lib/sunrsasign.jar:/usr/lib/jvm/java-6-sun-1.6.0.26/jre/lib/jsse.jar:/usr/lib/jvm/java-6-sun-1.6.0.26/jre/lib/jce.jar:/usr/lib/jvm/java-6-sun-1.6.0.26/jre/lib/charsets.jar:/usr/lib/jvm/java-6-sun-1.6.0.26/jre/lib/modules/jdk.boot.jar:/usr/lib/jvm/java-6-sun-1.6.0.26/jre/classes:/home/mike/voltdb/fork/voltdb/obj/release/prod:/home/mike/voltdb/fork/voltdb/obj/release/test:/home/mike/voltdb/fork/voltdb/lib/commons-lang3-3.0.jar:/home/mike/voltdb/fork/voltdb/lib/jetty-continuation-7.6.1.v20120215.jar:/home/mike/voltdb/fork/voltdb/lib/jetty-http-7.6.1.v20120215.jar:/home/mike/voltdb/fork/voltdb/lib/jetty-io-7.6.1.v20120215.jar:/home/mike/voltdb/fork/voltdb/lib/jetty-server-7.6.1.v20120215.jar:/home/mike/voltdb/fork/voltdb/lib/jetty-util-7.6.1.v20120215.jar:/home/mike/voltdb/fork/voltdb/lib/jline-1.0.jar:/home/mike/voltdb/fork/voltdb/lib/jna.jar:/home/mike/voltdb/fork/voltdb/lib/log4j-1.2.16.jar:/home/mike/voltdb/fork/voltdb/lib/protobuf-java-2.4.1.jar:/home/mike/voltdb/fork/voltdb/lib/servlet-api-2.5.jar:/home/mike/voltdb/fork/voltdb/lib/slf4j-api-1.6.2.jar:/home/mike/voltdb/fork/voltdb/lib/slf4j-nop-1.6.2.jar:/home/mike/voltdb/fork/voltdb/lib/snappy-java-1.0.4.1.jar:/home/mike/voltdb/fork/voltdb/lib/zmq-2.1.11.jar:/home/mike/voltdb/fork/voltdb/third_party/java/jars/ant-junit.jar:/home/mike/voltdb/fork/voltdb/third_party/java/jars/ant-testability-explorer.jar:/home/mike/voltdb/fork/voltdb/third_party/java/jars/ant_doxygen.jar:/home/mike/voltdb/fork/voltdb/third_party/java/jars/emma.jar:/home/mike/voltdb/fork/voltdb/third_party/java/jars/emma_ant.jar:/home/mike/voltdb/fork/voltdb/third_party/java/jars/japex.jar:/home/mike/voltdb/fork/voltdb/third_party/java/jars/jcommon-1.0.16.jar:/home/mike/voltdb/fork/voltdb/third_party/java/jars/jfreechart-1.0.13.jar:/home/mike/voltdb/fork/voltdb/third_party/java/jars/junit-4.8.2.jar:/home/mike/voltdb/fork/voltdb/third_party/java/jars/mockito-all-1.9.0.jar:/home/mike/voltdb/fork/voltdb/third_party/java/jars/pmd-4.2.5.jar:/home/mike/voltdb/fork/voltdb/third_party/java/jars/testability-explorer.jar:/usr/share/ant/lib/ant-launcher.jar:/usr/share/java/xmlParserAPIs.jar:/usr/share/java/xercesImpl.jar:/usr/share/ant/lib/ant-apache-bcel.jar:/usr/share/ant/lib/ant-apache-resolver.jar:/usr/share/ant/lib/ant-javamail.jar:/usr/share/ant/lib/ant-jsch.jar:/usr/share/ant/lib/ant-jmf.jar:/usr/share/ant/lib/ant-commons-net.jar:/usr/share/ant/lib/ant-apache-oro.jar:/usr/share/ant/lib/ant-apache-bsf.jar:/usr/share/ant/lib/ant-jdepend.jar:/usr/share/ant/lib/ant-trax.jar:/usr/share/ant/lib/ant-apache-log4j.jar:/usr/share/ant/lib/ant-swing.jar:/usr/share/ant/lib/junit.jar:/usr/share/ant/lib/ant-commons-logging.jar:/usr/share/ant/lib/ant-junit.jar:/usr/share/ant/lib/ant.jar:/usr/share/ant/lib/ant-antlr.jar:/usr/share/ant/lib/ant-nodeps.jar:/usr/share/ant/lib/ant-apache-regexp.jar:/usr/lib/jvm/java-6-sun-1.6.0.26/lib/tools.jar]
    [javah] [Loaded /home/mike/voltdb/fork/voltdb/obj/release/prod/org/voltdb/utils/DBBPool.class]
    [javah] [Loaded /usr/lib/jvm/java-6-sun-1.6.0.26/jre/lib/rt.jar(java/lang/Object.class)]
    [javah] [Loaded /usr/lib/jvm/java-6-sun-1.6.0.26/jre/lib/rt.jar(java/nio/ByteBuffer.class)]
    [javah] [Loaded /usr/lib/jvm/java-6-sun-1.6.0.26/jre/lib/rt.jar(java/nio/Buffer.class)]
    [javah] [Forcefully writing file /home/mike/voltdb/fork/voltdb/obj/release/org_voltdb_utils_DBBPool.h]

uptodate_jni_h.check:

jnicompile:

buildinfo:
     [exec] Version:  2.5 voltdb-2.5-48-g2df76c6-dirty-local

ee:
     [exec] make: Entering directory `/home/mike/voltdb/fork/voltdb/obj/release'
     [exec] make: Nothing to be done for `main'.
     [exec] make: Leaving directory `/home/mike/voltdb/fork/voltdb/obj/release'

voltdbipc:
     [exec] make: Entering directory `/home/mike/voltdb/fork/voltdb/obj/release'
     [exec] make: Nothing to be done for `main'.
     [exec] make: Leaving directory `/home/mike/voltdb/fork/voltdb/obj/release'
     [exec] make: Entering directory `/home/mike/voltdb/fork/voltdb/obj/release'
     [exec] g++  -Wall -Wextra -Werror -Woverloaded-virtual -Wpointer-arith -Wcast-qual -Wwrite-strings -Winit-self -Wno-sign-compare -Wno-unused-parameter -pthread -D__STDC_CONSTANT_MACROS -D__STDC_LIMIT_MACROS -DNOCLOCK -fno-omit-frame-pointer -fvisibility=hidden -DBOOST_SP_DISABLE_THREADS -Wno-ignored-qualifiers -fno-strict-aliasing -Wno-attributes -Wcast-align -Wconversion -DLINUX -fpic -isystem ../../third_party/cpp -I../../src/ee  -c -o objects/harness.o ../../tests/ee/harness.cpp
     [exec] g++  -Wall -Wextra -Werror -Woverloaded-virtual -Wpointer-arith -Wcast-qual -Wwrite-strings -Winit-self -Wno-sign-compare -Wno-unused-parameter -pthread -D__STDC_CONSTANT_MACROS -D__STDC_LIMIT_MACROS -DNOCLOCK -fno-omit-frame-pointer -fvisibility=hidden -DBOOST_SP_DISABLE_THREADS -Wno-ignored-qualifiers -fno-strict-aliasing -Wno-attributes -Wcast-align -Wconversion -DLINUX -fpic -isystem ../../third_party/cpp -I../../src/ee  -c -o objects/execution/IPCTopend.o ../../src/ee/execution/IPCTopend.cpp
     [exec] ar rv objects/volt.a objects//voltdbjni.co objects/stats/StatsAgent.co objects/stats/StatsSource.co objects/executors/abstractexecutor.co objects/executors/deleteexecutor.co objects/executors/distinctexecutor.co objects/executors/executorutil.co objects/executors/indexscanexecutor.co objects/executors/insertexecutor.co objects/executors/limitexecutor.co objects/executors/materializeexecutor.co objects/executors/nestloopexecutor.co objects/executors/nestloopindexexecutor.co objects/executors/orderbyexecutor.co objects/executors/projectionexecutor.co objects/executors/receiveexecutor.co objects/executors/sendexecutor.co objects/executors/seqscanexecutor.co objects/executors/unionexecutor.co objects/executors/updateexecutor.co objects/storage/constraintutil.co objects/storage/CopyOnWriteContext.co objects/storage/CopyOnWriteIterator.co objects/storage/ConstraintFailureException.co objects/storage/MaterializedViewMetadata.co objects/storage/persistenttable.co objects/storage/PersistentTableStats.co objects/storage/PersistentTableUndoDeleteAction.co objects/storage/PersistentTableUndoInsertAction.co objects/storage/PersistentTableUndoUpdateAction.co objects/storage/StreamedTableStats.co objects/storage/streamedtable.co objects/storage/table.co objects/storage/TableCatalogDelegate.co objects/storage/tablefactory.co objects/storage/TableStats.co objects/storage/tableutil.co objects/storage/temptable.co objects/storage/TempTableLimits.co objects/storage/TupleStreamWrapper.co objects/storage/RecoveryContext.co objects/storage/TupleBlock.co objects/indexes/tableindex.co objects/indexes/tableindexfactory.co objects/indexes/IndexStats.co objects/catalog/authprogram.co objects/catalog/catalog.co objects/catalog/cataloginteger.co objects/catalog/catalogtype.co objects/catalog/cluster.co objects/catalog/column.co objects/catalog/columnref.co objects/catalog/connector.co objects/catalog/connectortableinfo.co objects/catalog/constraint.co objects/catalog/constraintref.co objects/catalog/database.co objects/catalog/deployment.co objects/catalog/group.co objects/catalog/groupref.co objects/catalog/host.co objects/catalog/index.co objects/catalog/materializedviewinfo.co objects/catalog/partition.co objects/catalog/planfragment.co objects/catalog/procedure.co objects/catalog/procparameter.co objects/catalog/program.co objects/catalog/site.co objects/catalog/statement.co objects/catalog/stmtparameter.co objects/catalog/systemsettings.co objects/catalog/table.co objects/catalog/user.co objects/catalog/userref.co objects/catalog/snapshotschedule.co objects/catalog/commandlog.co objects/common/CompactingStringPool.co objects/common/CompactingStringStorage.co objects/common/ThreadLocalPool.co objects/common/SegvException.co objects/common/SerializableEEException.co objects/common/SQLException.co objects/common/StringRef.co objects/common/tabletuple.co objects/common/TupleSchema.co objects/common/types.co objects/common/UndoLog.co objects/common/NValue.co objects/common/RecoveryProtoMessage.co objects/common/RecoveryProtoMessageBuilder.co objects/common/DefaultTupleSerializer.co objects/common/executorcontext.co objects/common/serializeio.co objects/logging/JNILogProxy.co objects/logging/LogManager.co objects/plannodes/abstractjoinnode.co objects/plannodes/abstractoperationnode.co objects/plannodes/abstractplannode.co objects/plannodes/abstractscannode.co objects/plannodes/aggregatenode.co objects/plannodes/deletenode.co objects/plannodes/distinctnode.co objects/plannodes/indexscannode.co objects/plannodes/insertnode.co objects/plannodes/limitnode.co objects/plannodes/materializenode.co objects/plannodes/nestloopindexnode.co objects/plannodes/nestloopnode.co objects/plannodes/orderbynode.co objects/plannodes/plannodefragment.co objects/plannodes/plannodeutil.co objects/plannodes/projectionnode.co objects/plannodes/receivenode.co objects/plannodes/SchemaColumn.co objects/plannodes/sendnode.co objects/plannodes/seqscannode.co objects/plannodes/unionnode.co objects/plannodes/updatenode.co objects/expressions/abstractexpression.co objects/expressions/expressionutil.co objects/expressions/tupleaddressexpression.co objects/execution/JNITopend.co objects/execution/VoltDBEngine.co objects/structures/CompactingPool.co objects/structures/ContiguousAllocator.co objects/json_spirit/json_spirit_reader.co objects/json_spirit/json_spirit_value.co objects/harness.o objects/execution/IPCTopend.o
     [exec] ar: creating objects/volt.a
     [exec] a - objects//voltdbjni.co
     [exec] a - objects/stats/StatsAgent.co
     [exec] a - objects/stats/StatsSource.co
     [exec] a - objects/executors/abstractexecutor.co
     [exec] a - objects/executors/deleteexecutor.co
     [exec] a - objects/executors/distinctexecutor.co
     [exec] a - objects/executors/executorutil.co
     [exec] a - objects/executors/indexscanexecutor.co
     [exec] a - objects/executors/insertexecutor.co
     [exec] a - objects/executors/limitexecutor.co
     [exec] a - objects/executors/materializeexecutor.co
     [exec] a - objects/executors/nestloopexecutor.co
     [exec] a - objects/executors/nestloopindexexecutor.co
     [exec] a - objects/executors/orderbyexecutor.co
     [exec] a - objects/executors/projectionexecutor.co
     [exec] a - objects/executors/receiveexecutor.co
     [exec] a - objects/executors/sendexecutor.co
     [exec] a - objects/executors/seqscanexecutor.co
     [exec] a - objects/executors/unionexecutor.co
     [exec] a - objects/executors/updateexecutor.co
     [exec] a - objects/storage/constraintutil.co
     [exec] a - objects/storage/CopyOnWriteContext.co
     [exec] a - objects/storage/CopyOnWriteIterator.co
     [exec] a - objects/storage/ConstraintFailureException.co
     [exec] a - objects/storage/MaterializedViewMetadata.co
     [exec] a - objects/storage/persistenttable.co
     [exec] a - objects/storage/PersistentTableStats.co
     [exec] a - objects/storage/PersistentTableUndoDeleteAction.co
     [exec] a - objects/storage/PersistentTableUndoInsertAction.co
     [exec] a - objects/storage/PersistentTableUndoUpdateAction.co
     [exec] a - objects/storage/StreamedTableStats.co
     [exec] a - objects/storage/streamedtable.co
     [exec] a - objects/storage/table.co
     [exec] a - objects/storage/TableCatalogDelegate.co
     [exec] a - objects/storage/tablefactory.co
     [exec] a - objects/storage/TableStats.co
     [exec] a - objects/storage/tableutil.co
     [exec] a - objects/storage/temptable.co
     [exec] a - objects/storage/TempTableLimits.co
     [exec] a - objects/storage/TupleStreamWrapper.co
     [exec] a - objects/storage/RecoveryContext.co
     [exec] a - objects/storage/TupleBlock.co
     [exec] a - objects/indexes/tableindex.co
     [exec] a - objects/indexes/tableindexfactory.co
     [exec] a - objects/indexes/IndexStats.co
     [exec] a - objects/catalog/authprogram.co
     [exec] a - objects/catalog/catalog.co
     [exec] a - objects/catalog/cataloginteger.co
     [exec] a - objects/catalog/catalogtype.co
     [exec] a - objects/catalog/cluster.co
     [exec] a - objects/catalog/column.co
     [exec] a - objects/catalog/columnref.co
     [exec] a - objects/catalog/connector.co
     [exec] a - objects/catalog/connectortableinfo.co
     [exec] a - objects/catalog/constraint.co
     [exec] a - objects/catalog/constraintref.co
     [exec] a - objects/catalog/database.co
     [exec] a - objects/catalog/deployment.co
     [exec] a - objects/catalog/group.co
     [exec] a - objects/catalog/groupref.co
     [exec] a - objects/catalog/host.co
     [exec] a - objects/catalog/index.co
     [exec] a - objects/catalog/materializedviewinfo.co
     [exec] a - objects/catalog/partition.co
     [exec] a - objects/catalog/planfragment.co
     [exec] a - objects/catalog/procedure.co
     [exec] a - objects/catalog/procparameter.co
     [exec] a - objects/catalog/program.co
     [exec] a - objects/catalog/site.co
     [exec] a - objects/catalog/statement.co
     [exec] a - objects/catalog/stmtparameter.co
     [exec] a - objects/catalog/systemsettings.co
     [exec] a - objects/catalog/table.co
     [exec] a - objects/catalog/user.co
     [exec] a - objects/catalog/userref.co
     [exec] a - objects/catalog/snapshotschedule.co
     [exec] a - objects/catalog/commandlog.co
     [exec] a - objects/common/CompactingStringPool.co
     [exec] a - objects/common/CompactingStringStorage.co
     [exec] a - objects/common/ThreadLocalPool.co
     [exec] a - objects/common/SegvException.co
     [exec] a - objects/common/SerializableEEException.co
     [exec] a - objects/common/SQLException.co
     [exec] a - objects/common/StringRef.co
     [exec] a - objects/common/tabletuple.co
     [exec] a - objects/common/TupleSchema.co
     [exec] a - objects/common/types.co
     [exec] a - objects/common/UndoLog.co
     [exec] a - objects/common/NValue.co
     [exec] a - objects/common/RecoveryProtoMessage.co
     [exec] a - objects/common/RecoveryProtoMessageBuilder.co
     [exec] a - objects/common/DefaultTupleSerializer.co
     [exec] a - objects/common/executorcontext.co
     [exec] a - objects/common/serializeio.co
     [exec] a - objects/logging/JNILogProxy.co
     [exec] a - objects/logging/LogManager.co
     [exec] a - objects/plannodes/abstractjoinnode.co
     [exec] a - objects/plannodes/abstractoperationnode.co
     [exec] a - objects/plannodes/abstractplannode.co
     [exec] a - objects/plannodes/abstractscannode.co
     [exec] a - objects/plannodes/aggregatenode.co
     [exec] a - objects/plannodes/deletenode.co
     [exec] a - objects/plannodes/distinctnode.co
     [exec] a - objects/plannodes/indexscannode.co
     [exec] a - objects/plannodes/insertnode.co
     [exec] a - objects/plannodes/limitnode.co
     [exec] a - objects/plannodes/materializenode.co
     [exec] a - objects/plannodes/nestloopindexnode.co
     [exec] a - objects/plannodes/nestloopnode.co
     [exec] a - objects/plannodes/orderbynode.co
     [exec] a - objects/plannodes/plannodefragment.co
     [exec] a - objects/plannodes/plannodeutil.co
     [exec] a - objects/plannodes/projectionnode.co
     [exec] a - objects/plannodes/receivenode.co
     [exec] a - objects/plannodes/SchemaColumn.co
     [exec] a - objects/plannodes/sendnode.co
     [exec] a - objects/plannodes/seqscannode.co
     [exec] a - objects/plannodes/unionnode.co
     [exec] a - objects/plannodes/updatenode.co
     [exec] a - objects/expressions/abstractexpression.co
     [exec] a - objects/expressions/expressionutil.co
     [exec] a - objects/expressions/tupleaddressexpression.co
     [exec] a - objects/execution/JNITopend.co
     [exec] a - objects/execution/VoltDBEngine.co
     [exec] a - objects/structures/CompactingPool.co
     [exec] a - objects/structures/ContiguousAllocator.co
     [exec] a - objects/json_spirit/json_spirit_reader.co
     [exec] a - objects/json_spirit/json_spirit_value.co
     [exec] a - objects/harness.o
     [exec] a - objects/execution/IPCTopend.o
     [exec] g++  -Wall -Wextra -Werror -Woverloaded-virtual -Wpointer-arith -Wcast-qual -Wwrite-strings -Winit-self -Wno-sign-compare -Wno-unused-parameter -pthread -D__STDC_CONSTANT_MACROS -D__STDC_LIMIT_MACROS -DNOCLOCK -fno-omit-frame-pointer -fvisibility=hidden -DBOOST_SP_DISABLE_THREADS -Wno-ignored-qualifiers -fno-strict-aliasing -Wno-attributes -Wcast-align -Wconversion -DLINUX -fpic -isystem ../../third_party/cpp -I../../src/ee -g3 -rdynamic   -g3 -DDEBUG  -o prod/voltdbipc ../../src/ee/voltdbipc.cpp objects/volt.a  -ldl
     [exec] make: Leaving directory `/home/mike/voltdb/fork/voltdb/obj/release'

check:
     [exec] Buildfile: build.xml
     [exec] 
     [exec] catalog:
     [exec] 
     [exec] compile_core:
     [exec]    [depend] Deleted 17 out of date files in 1 seconds
     [exec]     [javac] Compiling 13 source files to /home/mike/voltdb/fork/voltdb/obj/release/prod
     [exec] 
     [exec] compile_pro:
     [exec] 
     [exec] compile:
     [exec] 
     [exec] jnicompile_temp:
     [exec]    [delete] Deleting: /home/mike/voltdb/fork/voltdb/obj/release/org_voltdb_jni_ExecutionEngine.h
     [exec]    [delete] Deleting: /home/mike/voltdb/fork/voltdb/obj/release/org_voltdb_utils_DBBPool.h
     [exec]     [javah] [Search path = /usr/lib/jvm/java-6-sun-1.6.0.26/jre/lib/resources.jar:/usr/lib/jvm/java-6-sun-1.6.0.26/jre/lib/rt.jar:/usr/lib/jvm/java-6-sun-1.6.0.26/jre/lib/sunrsasign.jar:/usr/lib/jvm/java-6-sun-1.6.0.26/jre/lib/jsse.jar:/usr/lib/jvm/java-6-sun-1.6.0.26/jre/lib/jce.jar:/usr/lib/jvm/java-6-sun-1.6.0.26/jre/lib/charsets.jar:/usr/lib/jvm/java-6-sun-1.6.0.26/jre/lib/modules/jdk.boot.jar:/usr/lib/jvm/java-6-sun-1.6.0.26/jre/classes:/home/mike/voltdb/fork/voltdb/obj/release/prod:/home/mike/voltdb/fork/voltdb/obj/release/test:/home/mike/voltdb/fork/voltdb/lib/commons-lang3-3.0.jar:/home/mike/voltdb/fork/voltdb/lib/jetty-continuation-7.6.1.v20120215.jar:/home/mike/voltdb/fork/voltdb/lib/jetty-http-7.6.1.v20120215.jar:/home/mike/voltdb/fork/voltdb/lib/jetty-io-7.6.1.v20120215.jar:/home/mike/voltdb/fork/voltdb/lib/jetty-server-7.6.1.v20120215.jar:/home/mike/voltdb/fork/voltdb/lib/jetty-util-7.6.1.v20120215.jar:/home/mike/voltdb/fork/voltdb/lib/jline-1.0.jar:/home/mike/voltdb/fork/voltdb/lib/jna.jar:/home/mike/voltdb/fork/voltdb/lib/log4j-1.2.16.jar:/home/mike/voltdb/fork/voltdb/lib/protobuf-java-2.4.1.jar:/home/mike/voltdb/fork/voltdb/lib/servlet-api-2.5.jar:/home/mike/voltdb/fork/voltdb/lib/slf4j-api-1.6.2.jar:/home/mike/voltdb/fork/voltdb/lib/slf4j-nop-1.6.2.jar:/home/mike/voltdb/fork/voltdb/lib/snappy-java-1.0.4.1.jar:/home/mike/voltdb/fork/voltdb/lib/zmq-2.1.11.jar:/home/mike/voltdb/fork/voltdb/third_party/java/jars/ant-junit.jar:/home/mike/voltdb/fork/voltdb/third_party/java/jars/ant-testability-explorer.jar:/home/mike/voltdb/fork/voltdb/third_party/java/jars/ant_doxygen.jar:/home/mike/voltdb/fork/voltdb/third_party/java/jars/emma.jar:/home/mike/voltdb/fork/voltdb/third_party/java/jars/emma_ant.jar:/home/mike/voltdb/fork/voltdb/third_party/java/jars/japex.jar:/home/mike/voltdb/fork/voltdb/third_party/java/jars/jcommon-1.0.16.jar:/home/mike/voltdb/fork/voltdb/third_party/java/jars/jfreechart-1.0.13.jar:/home/mike/voltdb/fork/voltdb/third_party/java/jars/junit-4.8.2.jar:/home/mike/voltdb/fork/voltdb/third_party/java/jars/mockito-all-1.9.0.jar:/home/mike/voltdb/fork/voltdb/third_party/java/jars/pmd-4.2.5.jar:/home/mike/voltdb/fork/voltdb/third_party/java/jars/testability-explorer.jar:/usr/share/ant/lib/ant-launcher.jar:/usr/share/java/xmlParserAPIs.jar:/usr/share/java/xercesImpl.jar:/usr/share/ant/lib/ant-apache-bcel.jar:/usr/share/ant/lib/ant-apache-resolver.jar:/usr/share/ant/lib/ant-javamail.jar:/usr/share/ant/lib/ant-jsch.jar:/usr/share/ant/lib/ant-jmf.jar:/usr/share/ant/lib/ant-commons-net.jar:/usr/share/ant/lib/ant-apache-oro.jar:/usr/share/ant/lib/ant-apache-bsf.jar:/usr/share/ant/lib/ant-jdepend.jar:/usr/share/ant/lib/ant-trax.jar:/usr/share/ant/lib/ant-apache-log4j.jar:/usr/share/ant/lib/ant-swing.jar:/usr/share/ant/lib/junit.jar:/usr/share/ant/lib/ant-commons-logging.jar:/usr/share/ant/lib/ant-junit.jar:/usr/share/ant/lib/ant.jar:/usr/share/ant/lib/ant-antlr.jar:/usr/share/ant/lib/ant-nodeps.jar:/usr/share/ant/lib/ant-apache-regexp.jar:/usr/lib/jvm/java-6-sun-1.6.0.26/lib/tools.jar]
     [exec]     [javah] [Loaded /home/mike/voltdb/fork/voltdb/obj/release/prod/org/voltdb/jni/ExecutionEngine.class]
     [exec]     [javah] [Loaded /usr/lib/jvm/java-6-sun-1.6.0.26/jre/lib/rt.jar(java/lang/Object.class)]
     [exec]     [javah] [Loaded /usr/lib/jvm/java-6-sun-1.6.0.26/jre/lib/rt.jar(java/nio/ByteBuffer.class)]
     [exec]     [javah] [Loaded /usr/lib/jvm/java-6-sun-1.6.0.26/jre/lib/rt.jar(java/nio/Buffer.class)]
     [exec]     [javah] [Forcefully writing file /home/mike/voltdb/fork/voltdb/obj/release/org_voltdb_jni_ExecutionEngine.h]
     [exec]     [javah] [Search path = /usr/lib/jvm/java-6-sun-1.6.0.26/jre/lib/resources.jar:/usr/lib/jvm/java-6-sun-1.6.0.26/jre/lib/rt.jar:/usr/lib/jvm/java-6-sun-1.6.0.26/jre/lib/sunrsasign.jar:/usr/lib/jvm/java-6-sun-1.6.0.26/jre/lib/jsse.jar:/usr/lib/jvm/java-6-sun-1.6.0.26/jre/lib/jce.jar:/usr/lib/jvm/java-6-sun-1.6.0.26/jre/lib/charsets.jar:/usr/lib/jvm/java-6-sun-1.6.0.26/jre/lib/modules/jdk.boot.jar:/usr/lib/jvm/java-6-sun-1.6.0.26/jre/classes:/home/mike/voltdb/fork/voltdb/obj/release/prod:/home/mike/voltdb/fork/voltdb/obj/release/test:/home/mike/voltdb/fork/voltdb/lib/commons-lang3-3.0.jar:/home/mike/voltdb/fork/voltdb/lib/jetty-continuation-7.6.1.v20120215.jar:/home/mike/voltdb/fork/voltdb/lib/jetty-http-7.6.1.v20120215.jar:/home/mike/voltdb/fork/voltdb/lib/jetty-io-7.6.1.v20120215.jar:/home/mike/voltdb/fork/voltdb/lib/jetty-server-7.6.1.v20120215.jar:/home/mike/voltdb/fork/voltdb/lib/jetty-util-7.6.1.v20120215.jar:/home/mike/voltdb/fork/voltdb/lib/jline-1.0.jar:/home/mike/voltdb/fork/voltdb/lib/jna.jar:/home/mike/voltdb/fork/voltdb/lib/log4j-1.2.16.jar:/home/mike/voltdb/fork/voltdb/lib/protobuf-java-2.4.1.jar:/home/mike/voltdb/fork/voltdb/lib/servlet-api-2.5.jar:/home/mike/voltdb/fork/voltdb/lib/slf4j-api-1.6.2.jar:/home/mike/voltdb/fork/voltdb/lib/slf4j-nop-1.6.2.jar:/home/mike/voltdb/fork/voltdb/lib/snappy-java-1.0.4.1.jar:/home/mike/voltdb/fork/voltdb/lib/zmq-2.1.11.jar:/home/mike/voltdb/fork/voltdb/third_party/java/jars/ant-junit.jar:/home/mike/voltdb/fork/voltdb/third_party/java/jars/ant-testability-explorer.jar:/home/mike/voltdb/fork/voltdb/third_party/java/jars/ant_doxygen.jar:/home/mike/voltdb/fork/voltdb/third_party/java/jars/emma.jar:/home/mike/voltdb/fork/voltdb/third_party/java/jars/emma_ant.jar:/home/mike/voltdb/fork/voltdb/third_party/java/jars/japex.jar:/home/mike/voltdb/fork/voltdb/third_party/java/jars/jcommon-1.0.16.jar:/home/mike/voltdb/fork/voltdb/third_party/java/jars/jfreechart-1.0.13.jar:/home/mike/voltdb/fork/voltdb/third_party/java/jars/junit-4.8.2.jar:/home/mike/voltdb/fork/voltdb/third_party/java/jars/mockito-all-1.9.0.jar:/home/mike/voltdb/fork/voltdb/third_party/java/jars/pmd-4.2.5.jar:/home/mike/voltdb/fork/voltdb/third_party/java/jars/testability-explorer.jar:/usr/share/ant/lib/ant-launcher.jar:/usr/share/java/xmlParserAPIs.jar:/usr/share/java/xercesImpl.jar:/usr/share/ant/lib/ant-apache-bcel.jar:/usr/share/ant/lib/ant-apache-resolver.jar:/usr/share/ant/lib/ant-javamail.jar:/usr/share/ant/lib/ant-jsch.jar:/usr/share/ant/lib/ant-jmf.jar:/usr/share/ant/lib/ant-commons-net.jar:/usr/share/ant/lib/ant-apache-oro.jar:/usr/share/ant/lib/ant-apache-bsf.jar:/usr/share/ant/lib/ant-jdepend.jar:/usr/share/ant/lib/ant-trax.jar:/usr/share/ant/lib/ant-apache-log4j.jar:/usr/share/ant/lib/ant-swing.jar:/usr/share/ant/lib/junit.jar:/usr/share/ant/lib/ant-commons-logging.jar:/usr/share/ant/lib/ant-junit.jar:/usr/share/ant/lib/ant.jar:/usr/share/ant/lib/ant-antlr.jar:/usr/share/ant/lib/ant-nodeps.jar:/usr/share/ant/lib/ant-apache-regexp.jar:/usr/lib/jvm/java-6-sun-1.6.0.26/lib/tools.jar]
     [exec]     [javah] [Loaded /home/mike/voltdb/fork/voltdb/obj/release/prod/org/voltdb/utils/DBBPool.class]
     [exec]     [javah] [Loaded /usr/lib/jvm/java-6-sun-1.6.0.26/jre/lib/rt.jar(java/lang/Object.class)]
     [exec]     [javah] [Loaded /usr/lib/jvm/java-6-sun-1.6.0.26/jre/lib/rt.jar(java/nio/ByteBuffer.class)]
     [exec]     [javah] [Loaded /usr/lib/jvm/java-6-sun-1.6.0.26/jre/lib/rt.jar(java/nio/Buffer.class)]
     [exec]     [javah] [Forcefully writing file /home/mike/voltdb/fork/voltdb/obj/release/org_voltdb_utils_DBBPool.h]
     [exec] 
     [exec] uptodate_jni_h.check:
     [exec] 
     [exec] jnicompile:
     [exec] 
     [exec] buildinfo:
     [exec]      [exec] Version:  2.5 voltdb-2.5-48-g2df76c6-dirty-local
     [exec] 
     [exec] ee:
     [exec]      [exec] make: Entering directory `/home/mike/voltdb/fork/voltdb/obj/release'
     [exec]      [exec] make: Nothing to be done for `main'.
     [exec]      [exec] make: Leaving directory `/home/mike/voltdb/fork/voltdb/obj/release'
     [exec] 
     [exec] eecheck:
     [exec]      [exec] make: Entering directory `/home/mike/voltdb/fork/voltdb/obj/release'
     [exec]      [exec] make: Nothing to be done for `main'.
     [exec]      [exec] make: Leaving directory `/home/mike/voltdb/fork/voltdb/obj/release'
     [exec]      [exec] make: Entering directory `/home/mike/voltdb/fork/voltdb/obj/release'
     [exec]      [exec] g++  -Wall -Wextra -Werror -Woverloaded-virtual -Wpointer-arith -Wcast-qual -Wwrite-strings -Winit-self -Wno-sign-compare -Wno-unused-parameter -pthread -D__STDC_CONSTANT_MACROS -D__STDC_LIMIT_MACROS -DNOCLOCK -fno-omit-frame-pointer -fvisibility=hidden -DBOOST_SP_DISABLE_THREADS -Wno-ignored-qualifiers -fno-strict-aliasing -Wno-attributes -Wcast-align -Wconversion -DLINUX -fpic -isystem ../../third_party/cpp -I../../src/ee  -c -I../../tests/ee  -g3 -DDEBUG  -o static_objects/logging_test.o ../../tests/ee/logging/logging_test.cpp
     [exec]      [exec] g++  -Wall -Wextra -Werror -Woverloaded-virtual -Wpointer-arith -Wcast-qual -Wwrite-strings -Winit-self -Wno-sign-compare -Wno-unused-parameter -pthread -D__STDC_CONSTANT_MACROS -D__STDC_LIMIT_MACROS -DNOCLOCK -fno-omit-frame-pointer -fvisibility=hidden -DBOOST_SP_DISABLE_THREADS -Wno-ignored-qualifiers -fno-strict-aliasing -Wno-attributes -Wcast-align -Wconversion -DLINUX -fpic -isystem ../../third_party/cpp -I../../src/ee  -c -I../../tests/ee  -g3 -DDEBUG  -o static_objects/index_key_test.o ../../tests/ee/indexes/index_key_test.cpp
     [exec]      [exec] g++  -Wall -Wextra -Werror -Woverloaded-virtual -Wpointer-arith -Wcast-qual -Wwrite-strings -Winit-self -Wno-sign-compare -Wno-unused-parameter -pthread -D__STDC_CONSTANT_MACROS -D__STDC_LIMIT_MACROS -DNOCLOCK -fno-omit-frame-pointer -fvisibility=hidden -DBOOST_SP_DISABLE_THREADS -Wno-ignored-qualifiers -fno-strict-aliasing -Wno-attributes -Wcast-align -Wconversion -DLINUX -fpic -isystem ../../third_party/cpp -I../../src/ee  -c -I../../tests/ee  -g3 -DDEBUG  -o static_objects/index_scripted_test.o ../../tests/ee/indexes/index_scripted_test.cpp
     [exec]      [exec] g++  -Wall -Wextra -Werror -Woverloaded-virtual -Wpointer-arith -Wcast-qual -Wwrite-strings -Winit-self -Wno-sign-compare -Wno-unused-parameter -pthread -D__STDC_CONSTANT_MACROS -D__STDC_LIMIT_MACROS -DNOCLOCK -fno-omit-frame-pointer -fvisibility=hidden -DBOOST_SP_DISABLE_THREADS -Wno-ignored-qualifiers -fno-strict-aliasing -Wno-attributes -Wcast-align -Wconversion -DLINUX -fpic -isystem ../../third_party/cpp -I../../src/ee  -c -I../../tests/ee  -g3 -DDEBUG  -o static_objects/index_test.o ../../tests/ee/indexes/index_test.cpp
     [exec]      [exec] g++  -Wall -Wextra -Werror -Woverloaded-virtual -Wpointer-arith -Wcast-qual -Wwrite-strings -Winit-self -Wno-sign-compare -Wno-unused-parameter -pthread -D__STDC_CONSTANT_MACROS -D__STDC_LIMIT_MACROS -DNOCLOCK -fno-omit-frame-pointer -fvisibility=hidden -DBOOST_SP_DISABLE_THREADS -Wno-ignored-qualifiers -fno-strict-aliasing -Wno-attributes -Wcast-align -Wconversion -DLINUX -fpic -isystem ../../third_party/cpp -I../../src/ee  -c -I../../tests/ee  -g3 -DDEBUG  -o static_objects/compacting_hash_index.o ../../tests/ee/indexes/compacting_hash_index.cpp
     [exec]      [exec] g++  -Wall -Wextra -Werror -Woverloaded-virtual -Wpointer-arith -Wcast-qual -Wwrite-strings -Winit-self -Wno-sign-compare -Wno-unused-parameter -pthread -D__STDC_CONSTANT_MACROS -D__STDC_LIMIT_MACROS -DNOCLOCK -fno-omit-frame-pointer -fvisibility=hidden -DBOOST_SP_DISABLE_THREADS -Wno-ignored-qualifiers -fno-strict-aliasing -Wno-attributes -Wcast-align -Wconversion -DLINUX -fpic -isystem ../../third_party/cpp -I../../src/ee  -c -I../../tests/ee  -g3 -DDEBUG  -o static_objects/CompactionTest.o ../../tests/ee/storage/CompactionTest.cpp
     [exec]      [exec] g++  -Wall -Wextra -Werror -Woverloaded-virtual -Wpointer-arith -Wcast-qual -Wwrite-strings -Winit-self -Wno-sign-compare -Wno-unused-parameter -pthread -D__STDC_CONSTANT_MACROS -D__STDC_LIMIT_MACROS -DNOCLOCK -fno-omit-frame-pointer -fvisibility=hidden -DBOOST_SP_DISABLE_THREADS -Wno-ignored-qualifiers -fno-strict-aliasing -Wno-attributes -Wcast-align -Wconversion -DLINUX -fpic -isystem ../../third_party/cpp -I../../src/ee  -c -I../../tests/ee  -g3 -DDEBUG  -o static_objects/CopyOnWriteTest.o ../../tests/ee/storage/CopyOnWriteTest.cpp
     [exec]      [exec] g++  -Wall -Wextra -Werror -Woverloaded-virtual -Wpointer-arith -Wcast-qual -Wwrite-strings -Winit-self -Wno-sign-compare -Wno-unused-parameter -pthread -D__STDC_CONSTANT_MACROS -D__STDC_LIMIT_MACROS -DNOCLOCK -fno-omit-frame-pointer -fvisibility=hidden -DBOOST_SP_DISABLE_THREADS -Wno-ignored-qualifiers -fno-strict-aliasing -Wno-attributes -Wcast-align -Wconversion -DLINUX -fpic -isystem ../../third_party/cpp -I../../src/ee  -c -I../../tests/ee  -g3 -DDEBUG  -o static_objects/constraint_test.o ../../tests/ee/storage/constraint_test.cpp
     [exec]      [exec] g++  -Wall -Wextra -Werror -Woverloaded-virtual -Wpointer-arith -Wcast-qual -Wwrite-strings -Winit-self -Wno-sign-compare -Wno-unused-parameter -pthread -D__STDC_CONSTANT_MACROS -D__STDC_LIMIT_MACROS -DNOCLOCK -fno-omit-frame-pointer -fvisibility=hidden -DBOOST_SP_DISABLE_THREADS -Wno-ignored-qualifiers -fno-strict-aliasing -Wno-attributes -Wcast-align -Wconversion -DLINUX -fpic -isystem ../../third_party/cpp -I../../src/ee  -c -I../../tests/ee  -g3 -DDEBUG  -o static_objects/filter_test.o ../../tests/ee/storage/filter_test.cpp
     [exec]      [exec] g++  -Wall -Wextra -Werror -Woverloaded-virtual -Wpointer-arith -Wcast-qual -Wwrite-strings -Winit-self -Wno-sign-compare -Wno-unused-parameter -pthread -D__STDC_CONSTANT_MACROS -D__STDC_LIMIT_MACROS -DNOCLOCK -fno-omit-frame-pointer -fvisibility=hidden -DBOOST_SP_DISABLE_THREADS -Wno-ignored-qualifiers -fno-strict-aliasing -Wno-attributes -Wcast-align -Wconversion -DLINUX -fpic -isystem ../../third_party/cpp -I../../src/ee  -c -I../../tests/ee  -g3 -DDEBUG  -o static_objects/persistent_table_log_test.o ../../tests/ee/storage/persistent_table_log_test.cpp
     [exec]      [exec] g++  -Wall -Wextra -Werror -Woverloaded-virtual -Wpointer-arith -Wcast-qual -Wwrite-strings -Winit-self -Wno-sign-compare -Wno-unused-parameter -pthread -D__STDC_CONSTANT_MACROS -D__STDC_LIMIT_MACROS -DNOCLOCK -fno-omit-frame-pointer -fvisibility=hidden -DBOOST_SP_DISABLE_THREADS -Wno-ignored-qualifiers -fno-strict-aliasing -Wno-attributes -Wcast-align -Wconversion -DLINUX -fpic -isystem ../../third_party/cpp -I../../src/ee  -c -I../../tests/ee  -g3 -DDEBUG  -o static_objects/PersistentTableMemStatsTest.o ../../tests/ee/storage/PersistentTableMemStatsTest.cpp
     [exec]      [exec] g++  -Wall -Wextra -Werror -Woverloaded-virtual -Wpointer-arith -Wcast-qual -Wwrite-strings -Winit-self -Wno-sign-compare -Wno-unused-parameter -pthread -D__STDC_CONSTANT_MACROS -D__STDC_LIMIT_MACROS -DNOCLOCK -fno-omit-frame-pointer -fvisibility=hidden -DBOOST_SP_DISABLE_THREADS -Wno-ignored-qualifiers -fno-strict-aliasing -Wno-attributes -Wcast-align -Wconversion -DLINUX -fpic -isystem ../../third_party/cpp -I../../src/ee  -c -I../../tests/ee  -g3 -DDEBUG  -o static_objects/serialize_test.o ../../tests/ee/storage/serialize_test.cpp
     [exec]      [exec] g++  -Wall -Wextra -Werror -Woverloaded-virtual -Wpointer-arith -Wcast-qual -Wwrite-strings -Winit-self -Wno-sign-compare -Wno-unused-parameter -pthread -D__STDC_CONSTANT_MACROS -D__STDC_LIMIT_MACROS -DNOCLOCK -fno-omit-frame-pointer -fvisibility=hidden -DBOOST_SP_DISABLE_THREADS -Wno-ignored-qualifiers -fno-strict-aliasing -Wno-attributes -Wcast-align -Wconversion -DLINUX -fpic -isystem ../../third_party/cpp -I../../src/ee  -c -I../../tests/ee  -g3 -DDEBUG  -o static_objects/StreamedTable_test.o ../../tests/ee/storage/StreamedTable_test.cpp
     [exec]      [exec] g++  -Wall -Wextra -Werror -Woverloaded-virtual -Wpointer-arith -Wcast-qual -Wwrite-strings -Winit-self -Wno-sign-compare -Wno-unused-parameter -pthread -D__STDC_CONSTANT_MACROS -D__STDC_LIMIT_MACROS -DNOCLOCK -fno-omit-frame-pointer -fvisibility=hidden -DBOOST_SP_DISABLE_THREADS -Wno-ignored-qualifiers -fno-strict-aliasing -Wno-attributes -Wcast-align -Wconversion -DLINUX -fpic -isystem ../../third_party/cpp -I../../src/ee  -c -I../../tests/ee  -g3 -DDEBUG  -o static_objects/table_and_indexes_test.o ../../tests/ee/storage/table_and_indexes_test.cpp
     [exec]      [exec] g++  -Wall -Wextra -Werror -Woverloaded-virtual -Wpointer-arith -Wcast-qual -Wwrite-strings -Winit-self -Wno-sign-compare -Wno-unused-parameter -pthread -D__STDC_CONSTANT_MACROS -D__STDC_LIMIT_MACROS -DNOCLOCK -fno-omit-frame-pointer -fvisibility=hidden -DBOOST_SP_DISABLE_THREADS -Wno-ignored-qualifiers -fno-strict-aliasing -Wno-attributes -Wcast-align -Wconversion -DLINUX -fpic -isystem ../../third_party/cpp -I../../src/ee  -c -I../../tests/ee  -g3 -DDEBUG  -o static_objects/table_test.o ../../tests/ee/storage/table_test.cpp
     [exec]      [exec] g++  -Wall -Wextra -Werror -Woverloaded-virtual -Wpointer-arith -Wcast-qual -Wwrite-strings -Winit-self -Wno-sign-compare -Wno-unused-parameter -pthread -D__STDC_CONSTANT_MACROS -D__STDC_LIMIT_MACROS -DNOCLOCK -fno-omit-frame-pointer -fvisibility=hidden -DBOOST_SP_DISABLE_THREADS -Wno-ignored-qualifiers -fno-strict-aliasing -Wno-attributes -Wcast-align -Wconversion -DLINUX -fpic -isystem ../../third_party/cpp -I../../src/ee  -c -I../../tests/ee  -g3 -DDEBUG  -o static_objects/tabletuple_export_test.o ../../tests/ee/storage/tabletuple_export_test.cpp
     [exec]      [exec] g++  -Wall -Wextra -Werror -Woverloaded-virtual -Wpointer-arith -Wcast-qual -Wwrite-strings -Winit-self -Wno-sign-compare -Wno-unused-parameter -pthread -D__STDC_CONSTANT_MACROS -D__STDC_LIMIT_MACROS -DNOCLOCK -fno-omit-frame-pointer -fvisibility=hidden -DBOOST_SP_DISABLE_THREADS -Wno-ignored-qualifiers -fno-strict-aliasing -Wno-attributes -Wcast-align -Wconversion -DLINUX -fpic -isystem ../../third_party/cpp -I../../src/ee  -c -I../../tests/ee  -g3 -DDEBUG  -o static_objects/TempTableLimitsTest.o ../../tests/ee/storage/TempTableLimitsTest.cpp
     [exec]      [exec] g++  -Wall -Wextra -Werror -Woverloaded-virtual -Wpointer-arith -Wcast-qual -Wwrite-strings -Winit-self -Wno-sign-compare -Wno-unused-parameter -pthread -D__STDC_CONSTANT_MACROS -D__STDC_LIMIT_MACROS -DNOCLOCK -fno-omit-frame-pointer -fvisibility=hidden -DBOOST_SP_DISABLE_THREADS -Wno-ignored-qualifiers -fno-strict-aliasing -Wno-attributes -Wcast-align -Wconversion -DLINUX -fpic -isystem ../../third_party/cpp -I../../src/ee  -c -I../../tests/ee  -g3 -DDEBUG  -o static_objects/TupleStreamWrapper_test.o ../../tests/ee/storage/TupleStreamWrapper_test.cpp
     [exec]      [exec] g++  -Wall -Wextra -Werror -Woverloaded-virtual -Wpointer-arith -Wcast-qual -Wwrite-strings -Winit-self -Wno-sign-compare -Wno-unused-parameter -pthread -D__STDC_CONSTANT_MACROS -D__STDC_LIMIT_MACROS -DNOCLOCK -fno-omit-frame-pointer -fvisibility=hidden -DBOOST_SP_DISABLE_THREADS -Wno-ignored-qualifiers -fno-strict-aliasing -Wno-attributes -Wcast-align -Wconversion -DLINUX -fpic -isystem ../../third_party/cpp -I../../src/ee  -c -I../../tests/ee  -g3 -DDEBUG  -o static_objects/harness_test.o ../../tests/ee/./harness_test.cpp
     [exec]      [exec] g++  -Wall -Wextra -Werror -Woverloaded-virtual -Wpointer-arith -Wcast-qual -Wwrite-strings -Winit-self -Wno-sign-compare -Wno-unused-parameter -pthread -D__STDC_CONSTANT_MACROS -D__STDC_LIMIT_MACROS -DNOCLOCK -fno-omit-frame-pointer -fvisibility=hidden -DBOOST_SP_DISABLE_THREADS -Wno-ignored-qualifiers -fno-strict-aliasing -Wno-attributes -Wcast-align -Wconversion -DLINUX -fpic -isystem ../../third_party/cpp -I../../src/ee  -c -I../../tests/ee  -g3 -DDEBUG  -o static_objects/catalog_test.o ../../tests/ee/catalog/catalog_test.cpp
     [exec]      [exec] g++  -Wall -Wextra -Werror -Woverloaded-virtual -Wpointer-arith -Wcast-qual -Wwrite-strings -Winit-self -Wno-sign-compare -Wno-unused-parameter -pthread -D__STDC_CONSTANT_MACROS -D__STDC_LIMIT_MACROS -DNOCLOCK -fno-omit-frame-pointer -fvisibility=hidden -DBOOST_SP_DISABLE_THREADS -Wno-ignored-qualifiers -fno-strict-aliasing -Wno-attributes -Wcast-align -Wconversion -DLINUX -fpic -isystem ../../third_party/cpp -I../../src/ee  -c -I../../tests/ee  -g3 -DDEBUG  -o static_objects/debuglog_test.o ../../tests/ee/common/debuglog_test.cpp
     [exec]      [exec] g++  -Wall -Wextra -Werror -Woverloaded-virtual -Wpointer-arith -Wcast-qual -Wwrite-strings -Winit-self -Wno-sign-compare -Wno-unused-parameter -pthread -D__STDC_CONSTANT_MACROS -D__STDC_LIMIT_MACROS -DNOCLOCK -fno-omit-frame-pointer -fvisibility=hidden -DBOOST_SP_DISABLE_THREADS -Wno-ignored-qualifiers -fno-strict-aliasing -Wno-attributes -Wcast-align -Wconversion -DLINUX -fpic -isystem ../../third_party/cpp -I../../src/ee  -c -I../../tests/ee  -g3 -DDEBUG  -o static_objects/serializeio_test.o ../../tests/ee/common/serializeio_test.cpp
     [exec]      [exec] g++  -Wall -Wextra -Werror -Woverloaded-virtual -Wpointer-arith -Wcast-qual -Wwrite-strings -Winit-self -Wno-sign-compare -Wno-unused-parameter -pthread -D__STDC_CONSTANT_MACROS -D__STDC_LIMIT_MACROS -DNOCLOCK -fno-omit-frame-pointer -fvisibility=hidden -DBOOST_SP_DISABLE_THREADS -Wno-ignored-qualifiers -fno-strict-aliasing -Wno-attributes -Wcast-align -Wconversion -DLINUX -fpic -isystem ../../third_party/cpp -I../../src/ee  -c -I../../tests/ee  -g3 -DDEBUG  -o static_objects/undolog_test.o ../../tests/ee/common/undolog_test.cpp
     [exec]      [exec] g++  -Wall -Wextra -Werror -Woverloaded-virtual -Wpointer-arith -Wcast-qual -Wwrite-strings -Winit-self -Wno-sign-compare -Wno-unused-parameter -pthread -D__STDC_CONSTANT_MACROS -D__STDC_LIMIT_MACROS -DNOCLOCK -fno-omit-frame-pointer -fvisibility=hidden -DBOOST_SP_DISABLE_THREADS -Wno-ignored-qualifiers -fno-strict-aliasing -Wno-attributes -Wcast-align -Wconversion -DLINUX -fpic -isystem ../../third_party/cpp -I../../src/ee  -c -I../../tests/ee  -g3 -DDEBUG  -o static_objects/valuearray_test.o ../../tests/ee/common/valuearray_test.cpp
     [exec]      [exec] g++  -Wall -Wextra -Werror -Woverloaded-virtual -Wpointer-arith -Wcast-qual -Wwrite-strings -Winit-self -Wno-sign-compare -Wno-unused-parameter -pthread -D__STDC_CONSTANT_MACROS -D__STDC_LIMIT_MACROS -DNOCLOCK -fno-omit-frame-pointer -fvisibility=hidden -DBOOST_SP_DISABLE_THREADS -Wno-ignored-qualifiers -fno-strict-aliasing -Wno-attributes -Wcast-align -Wconversion -DLINUX -fpic -isystem ../../third_party/cpp -I../../src/ee  -c -I../../tests/ee  -g3 -DDEBUG  -o static_objects/nvalue_test.o ../../tests/ee/common/nvalue_test.cpp
     [exec]      [exec] g++  -Wall -Wextra -Werror -Woverloaded-virtual -Wpointer-arith -Wcast-qual -Wwrite-strings -Winit-self -Wno-sign-compare -Wno-unused-parameter -pthread -D__STDC_CONSTANT_MACROS -D__STDC_LIMIT_MACROS -DNOCLOCK -fno-omit-frame-pointer -fvisibility=hidden -DBOOST_SP_DISABLE_THREADS -Wno-ignored-qualifiers -fno-strict-aliasing -Wno-attributes -Wcast-align -Wconversion -DLINUX -fpic -isystem ../../third_party/cpp -I../../src/ee  -c -I../../tests/ee  -g3 -DDEBUG  -o static_objects/tabletuple_test.o ../../tests/ee/common/tabletuple_test.cpp
     [exec]      [exec] g++  -Wall -Wextra -Werror -Woverloaded-virtual -Wpointer-arith -Wcast-qual -Wwrite-strings -Winit-self -Wno-sign-compare -Wno-unused-parameter -pthread -D__STDC_CONSTANT_MACROS -D__STDC_LIMIT_MACROS -DNOCLOCK -fno-omit-frame-pointer -fvisibility=hidden -DBOOST_SP_DISABLE_THREADS -Wno-ignored-qualifiers -fno-strict-aliasing -Wno-attributes -Wcast-align -Wconversion -DLINUX -fpic -isystem ../../third_party/cpp -I../../src/ee  -c -I../../tests/ee  -g3 -DDEBUG  -o static_objects/PlanNodeFragmentTest.o ../../tests/ee/plannodes/PlanNodeFragmentTest.cpp
     [exec]      [exec] g++  -Wall -Wextra -Werror -Woverloaded-virtual -Wpointer-arith -Wcast-qual -Wwrite-strings -Winit-self -Wno-sign-compare -Wno-unused-parameter -pthread -D__STDC_CONSTANT_MACROS -D__STDC_LIMIT_MACROS -DNOCLOCK -fno-omit-frame-pointer -fvisibility=hidden -DBOOST_SP_DISABLE_THREADS -Wno-ignored-qualifiers -fno-strict-aliasing -Wno-attributes -Wcast-align -Wconversion -DLINUX -fpic -isystem ../../third_party/cpp -I../../src/ee  -c -I../../tests/ee  -g3 -DDEBUG  -o static_objects/expression_test.o ../../tests/ee/expressions/expression_test.cpp
     [exec]      [exec] g++  -Wall -Wextra -Werror -Woverloaded-virtual -Wpointer-arith -Wcast-qual -Wwrite-strings -Winit-self -Wno-sign-compare -Wno-unused-parameter -pthread -D__STDC_CONSTANT_MACROS -D__STDC_LIMIT_MACROS -DNOCLOCK -fno-omit-frame-pointer -fvisibility=hidden -DBOOST_SP_DISABLE_THREADS -Wno-ignored-qualifiers -fno-strict-aliasing -Wno-attributes -Wcast-align -Wconversion -DLINUX -fpic -isystem ../../third_party/cpp -I../../src/ee  -c -I../../tests/ee  -g3 -DDEBUG  -o static_objects/add_drop_table.o ../../tests/ee/execution/add_drop_table.cpp
     [exec]      [exec] g++  -Wall -Wextra -Werror -Woverloaded-virtual -Wpointer-arith -Wcast-qual -Wwrite-strings -Winit-self -Wno-sign-compare -Wno-unused-parameter -pthread -D__STDC_CONSTANT_MACROS -D__STDC_LIMIT_MACROS -DNOCLOCK -fno-omit-frame-pointer -fvisibility=hidden -DBOOST_SP_DISABLE_THREADS -Wno-ignored-qualifiers -fno-strict-aliasing -Wno-attributes -Wcast-align -Wconversion -DLINUX -fpic -isystem ../../third_party/cpp -I../../src/ee  -c -I../../tests/ee  -g3 -DDEBUG  -o static_objects/engine_test.o ../../tests/ee/execution/engine_test.cpp
     [exec]      [exec] g++  -Wall -Wextra -Werror -Woverloaded-virtual -Wpointer-arith -Wcast-qual -Wwrite-strings -Winit-self -Wno-sign-compare -Wno-unused-parameter -pthread -D__STDC_CONSTANT_MACROS -D__STDC_LIMIT_MACROS -DNOCLOCK -fno-omit-frame-pointer -fvisibility=hidden -DBOOST_SP_DISABLE_THREADS -Wno-ignored-qualifiers -fno-strict-aliasing -Wno-attributes -Wcast-align -Wconversion -DLINUX -fpic -isystem ../../third_party/cpp -I../../src/ee  -c -I../../tests/ee  -g3 -DDEBUG  -o static_objects/CompactingMapTest.o ../../tests/ee/structures/CompactingMapTest.cpp
     [exec]      [exec] g++  -Wall -Wextra -Werror -Woverloaded-virtual -Wpointer-arith -Wcast-qual -Wwrite-strings -Winit-self -Wno-sign-compare -Wno-unused-parameter -pthread -D__STDC_CONSTANT_MACROS -D__STDC_LIMIT_MACROS -DNOCLOCK -fno-omit-frame-pointer -fvisibility=hidden -DBOOST_SP_DISABLE_THREADS -Wno-ignored-qualifiers -fno-strict-aliasing -Wno-attributes -Wcast-align -Wconversion -DLINUX -fpic -isystem ../../third_party/cpp -I../../src/ee  -c -I../../tests/ee  -g3 -DDEBUG  -o static_objects/CompactingHashTest.o ../../tests/ee/structures/CompactingHashTest.cpp
     [exec]      [exec] g++  -Wall -Wextra -Werror -Woverloaded-virtual -Wpointer-arith -Wcast-qual -Wwrite-strings -Winit-self -Wno-sign-compare -Wno-unused-parameter -pthread -D__STDC_CONSTANT_MACROS -D__STDC_LIMIT_MACROS -DNOCLOCK -fno-omit-frame-pointer -fvisibility=hidden -DBOOST_SP_DISABLE_THREADS -Wno-ignored-qualifiers -fno-strict-aliasing -Wno-attributes -Wcast-align -Wconversion -DLINUX -fpic -isystem ../../third_party/cpp -I../../src/ee  -c -I../../tests/ee  -g3 -DDEBUG  -o static_objects/CompactingPoolTest.o ../../tests/ee/structures/CompactingPoolTest.cpp
     [exec]      [exec] g++  -Wall -Wextra -Werror -Woverloaded-virtual -Wpointer-arith -Wcast-qual -Wwrite-strings -Winit-self -Wno-sign-compare -Wno-unused-parameter -pthread -D__STDC_CONSTANT_MACROS -D__STDC_LIMIT_MACROS -DNOCLOCK -fno-omit-frame-pointer -fvisibility=hidden -DBOOST_SP_DISABLE_THREADS -Wno-ignored-qualifiers -fno-strict-aliasing -Wno-attributes -Wcast-align -Wconversion -DLINUX -fpic -isystem ../../third_party/cpp -I../../src/ee -g3 -rdynamic   -g3 -DDEBUG  -o cpptests/logging/logging_test static_objects/logging_test.o objects/volt.a
     [exec]      [exec] g++  -Wall -Wextra -Werror -Woverloaded-virtual -Wpointer-arith -Wcast-qual -Wwrite-strings -Winit-self -Wno-sign-compare -Wno-unused-parameter -pthread -D__STDC_CONSTANT_MACROS -D__STDC_LIMIT_MACROS -DNOCLOCK -fno-omit-frame-pointer -fvisibility=hidden -DBOOST_SP_DISABLE_THREADS -Wno-ignored-qualifiers -fno-strict-aliasing -Wno-attributes -Wcast-align -Wconversion -DLINUX -fpic -isystem ../../third_party/cpp -I../../src/ee -g3 -rdynamic   -g3 -DDEBUG  -o cpptests/indexes/index_key_test static_objects/index_key_test.o objects/volt.a
     [exec]      [exec] g++  -Wall -Wextra -Werror -Woverloaded-virtual -Wpointer-arith -Wcast-qual -Wwrite-strings -Winit-self -Wno-sign-compare -Wno-unused-parameter -pthread -D__STDC_CONSTANT_MACROS -D__STDC_LIMIT_MACROS -DNOCLOCK -fno-omit-frame-pointer -fvisibility=hidden -DBOOST_SP_DISABLE_THREADS -Wno-ignored-qualifiers -fno-strict-aliasing -Wno-attributes -Wcast-align -Wconversion -DLINUX -fpic -isystem ../../third_party/cpp -I../../src/ee -g3 -rdynamic   -g3 -DDEBUG  -o cpptests/indexes/index_scripted_test static_objects/index_scripted_test.o objects/volt.a
     [exec]      [exec] g++  -Wall -Wextra -Werror -Woverloaded-virtual -Wpointer-arith -Wcast-qual -Wwrite-strings -Winit-self -Wno-sign-compare -Wno-unused-parameter -pthread -D__STDC_CONSTANT_MACROS -D__STDC_LIMIT_MACROS -DNOCLOCK -fno-omit-frame-pointer -fvisibility=hidden -DBOOST_SP_DISABLE_THREADS -Wno-ignored-qualifiers -fno-strict-aliasing -Wno-attributes -Wcast-align -Wconversion -DLINUX -fpic -isystem ../../third_party/cpp -I../../src/ee -g3 -rdynamic   -g3 -DDEBUG  -o cpptests/indexes/index_test static_objects/index_test.o objects/volt.a
     [exec]      [exec] g++  -Wall -Wextra -Werror -Woverloaded-virtual -Wpointer-arith -Wcast-qual -Wwrite-strings -Winit-self -Wno-sign-compare -Wno-unused-parameter -pthread -D__STDC_CONSTANT_MACROS -D__STDC_LIMIT_MACROS -DNOCLOCK -fno-omit-frame-pointer -fvisibility=hidden -DBOOST_SP_DISABLE_THREADS -Wno-ignored-qualifiers -fno-strict-aliasing -Wno-attributes -Wcast-align -Wconversion -DLINUX -fpic -isystem ../../third_party/cpp -I../../src/ee -g3 -rdynamic   -g3 -DDEBUG  -o cpptests/indexes/compacting_hash_index static_objects/compacting_hash_index.o objects/volt.a
     [exec]      [exec] g++  -Wall -Wextra -Werror -Woverloaded-virtual -Wpointer-arith -Wcast-qual -Wwrite-strings -Winit-self -Wno-sign-compare -Wno-unused-parameter -pthread -D__STDC_CONSTANT_MACROS -D__STDC_LIMIT_MACROS -DNOCLOCK -fno-omit-frame-pointer -fvisibility=hidden -DBOOST_SP_DISABLE_THREADS -Wno-ignored-qualifiers -fno-strict-aliasing -Wno-attributes -Wcast-align -Wconversion -DLINUX -fpic -isystem ../../third_party/cpp -I../../src/ee -g3 -rdynamic   -g3 -DDEBUG  -o cpptests/storage/CompactionTest static_objects/CompactionTest.o objects/volt.a
     [exec]      [exec] g++  -Wall -Wextra -Werror -Woverloaded-virtual -Wpointer-arith -Wcast-qual -Wwrite-strings -Winit-self -Wno-sign-compare -Wno-unused-parameter -pthread -D__STDC_CONSTANT_MACROS -D__STDC_LIMIT_MACROS -DNOCLOCK -fno-omit-frame-pointer -fvisibility=hidden -DBOOST_SP_DISABLE_THREADS -Wno-ignored-qualifiers -fno-strict-aliasing -Wno-attributes -Wcast-align -Wconversion -DLINUX -fpic -isystem ../../third_party/cpp -I../../src/ee -g3 -rdynamic   -g3 -DDEBUG  -o cpptests/storage/CopyOnWriteTest static_objects/CopyOnWriteTest.o objects/volt.a
     [exec]      [exec] g++  -Wall -Wextra -Werror -Woverloaded-virtual -Wpointer-arith -Wcast-qual -Wwrite-strings -Winit-self -Wno-sign-compare -Wno-unused-parameter -pthread -D__STDC_CONSTANT_MACROS -D__STDC_LIMIT_MACROS -DNOCLOCK -fno-omit-frame-pointer -fvisibility=hidden -DBOOST_SP_DISABLE_THREADS -Wno-ignored-qualifiers -fno-strict-aliasing -Wno-attributes -Wcast-align -Wconversion -DLINUX -fpic -isystem ../../third_party/cpp -I../../src/ee -g3 -rdynamic   -g3 -DDEBUG  -o cpptests/storage/constraint_test static_objects/constraint_test.o objects/volt.a
     [exec]      [exec] g++  -Wall -Wextra -Werror -Woverloaded-virtual -Wpointer-arith -Wcast-qual -Wwrite-strings -Winit-self -Wno-sign-compare -Wno-unused-parameter -pthread -D__STDC_CONSTANT_MACROS -D__STDC_LIMIT_MACROS -DNOCLOCK -fno-omit-frame-pointer -fvisibility=hidden -DBOOST_SP_DISABLE_THREADS -Wno-ignored-qualifiers -fno-strict-aliasing -Wno-attributes -Wcast-align -Wconversion -DLINUX -fpic -isystem ../../third_party/cpp -I../../src/ee -g3 -rdynamic   -g3 -DDEBUG  -o cpptests/storage/filter_test static_objects/filter_test.o objects/volt.a
     [exec]      [exec] g++  -Wall -Wextra -Werror -Woverloaded-virtual -Wpointer-arith -Wcast-qual -Wwrite-strings -Winit-self -Wno-sign-compare -Wno-unused-parameter -pthread -D__STDC_CONSTANT_MACROS -D__STDC_LIMIT_MACROS -DNOCLOCK -fno-omit-frame-pointer -fvisibility=hidden -DBOOST_SP_DISABLE_THREADS -Wno-ignored-qualifiers -fno-strict-aliasing -Wno-attributes -Wcast-align -Wconversion -DLINUX -fpic -isystem ../../third_party/cpp -I../../src/ee -g3 -rdynamic   -g3 -DDEBUG  -o cpptests/storage/persistent_table_log_test static_objects/persistent_table_log_test.o objects/volt.a
     [exec]      [exec] g++  -Wall -Wextra -Werror -Woverloaded-virtual -Wpointer-arith -Wcast-qual -Wwrite-strings -Winit-self -Wno-sign-compare -Wno-unused-parameter -pthread -D__STDC_CONSTANT_MACROS -D__STDC_LIMIT_MACROS -DNOCLOCK -fno-omit-frame-pointer -fvisibility=hidden -DBOOST_SP_DISABLE_THREADS -Wno-ignored-qualifiers -fno-strict-aliasing -Wno-attributes -Wcast-align -Wconversion -DLINUX -fpic -isystem ../../third_party/cpp -I../../src/ee -g3 -rdynamic   -g3 -DDEBUG  -o cpptests/storage/PersistentTableMemStatsTest static_objects/PersistentTableMemStatsTest.o objects/volt.a
     [exec]      [exec] g++  -Wall -Wextra -Werror -Woverloaded-virtual -Wpointer-arith -Wcast-qual -Wwrite-strings -Winit-self -Wno-sign-compare -Wno-unused-parameter -pthread -D__STDC_CONSTANT_MACROS -D__STDC_LIMIT_MACROS -DNOCLOCK -fno-omit-frame-pointer -fvisibility=hidden -DBOOST_SP_DISABLE_THREADS -Wno-ignored-qualifiers -fno-strict-aliasing -Wno-attributes -Wcast-align -Wconversion -DLINUX -fpic -isystem ../../third_party/cpp -I../../src/ee -g3 -rdynamic   -g3 -DDEBUG  -o cpptests/storage/serialize_test static_objects/serialize_test.o objects/volt.a
     [exec]      [exec] g++  -Wall -Wextra -Werror -Woverloaded-virtual -Wpointer-arith -Wcast-qual -Wwrite-strings -Winit-self -Wno-sign-compare -Wno-unused-parameter -pthread -D__STDC_CONSTANT_MACROS -D__STDC_LIMIT_MACROS -DNOCLOCK -fno-omit-frame-pointer -fvisibility=hidden -DBOOST_SP_DISABLE_THREADS -Wno-ignored-qualifiers -fno-strict-aliasing -Wno-attributes -Wcast-align -Wconversion -DLINUX -fpic -isystem ../../third_party/cpp -I../../src/ee -g3 -rdynamic   -g3 -DDEBUG  -o cpptests/storage/StreamedTable_test static_objects/StreamedTable_test.o objects/volt.a
     [exec]      [exec] g++  -Wall -Wextra -Werror -Woverloaded-virtual -Wpointer-arith -Wcast-qual -Wwrite-strings -Winit-self -Wno-sign-compare -Wno-unused-parameter -pthread -D__STDC_CONSTANT_MACROS -D__STDC_LIMIT_MACROS -DNOCLOCK -fno-omit-frame-pointer -fvisibility=hidden -DBOOST_SP_DISABLE_THREADS -Wno-ignored-qualifiers -fno-strict-aliasing -Wno-attributes -Wcast-align -Wconversion -DLINUX -fpic -isystem ../../third_party/cpp -I../../src/ee -g3 -rdynamic   -g3 -DDEBUG  -o cpptests/storage/table_and_indexes_test static_objects/table_and_indexes_test.o objects/volt.a
     [exec]      [exec] g++  -Wall -Wextra -Werror -Woverloaded-virtual -Wpointer-arith -Wcast-qual -Wwrite-strings -Winit-self -Wno-sign-compare -Wno-unused-parameter -pthread -D__STDC_CONSTANT_MACROS -D__STDC_LIMIT_MACROS -DNOCLOCK -fno-omit-frame-pointer -fvisibility=hidden -DBOOST_SP_DISABLE_THREADS -Wno-ignored-qualifiers -fno-strict-aliasing -Wno-attributes -Wcast-align -Wconversion -DLINUX -fpic -isystem ../../third_party/cpp -I../../src/ee -g3 -rdynamic   -g3 -DDEBUG  -o cpptests/storage/table_test static_objects/table_test.o objects/volt.a
     [exec]      [exec] g++  -Wall -Wextra -Werror -Woverloaded-virtual -Wpointer-arith -Wcast-qual -Wwrite-strings -Winit-self -Wno-sign-compare -Wno-unused-parameter -pthread -D__STDC_CONSTANT_MACROS -D__STDC_LIMIT_MACROS -DNOCLOCK -fno-omit-frame-pointer -fvisibility=hidden -DBOOST_SP_DISABLE_THREADS -Wno-ignored-qualifiers -fno-strict-aliasing -Wno-attributes -Wcast-align -Wconversion -DLINUX -fpic -isystem ../../third_party/cpp -I../../src/ee -g3 -rdynamic   -g3 -DDEBUG  -o cpptests/storage/tabletuple_export_test static_objects/tabletuple_export_test.o objects/volt.a
     [exec]      [exec] g++  -Wall -Wextra -Werror -Woverloaded-virtual -Wpointer-arith -Wcast-qual -Wwrite-strings -Winit-self -Wno-sign-compare -Wno-unused-parameter -pthread -D__STDC_CONSTANT_MACROS -D__STDC_LIMIT_MACROS -DNOCLOCK -fno-omit-frame-pointer -fvisibility=hidden -DBOOST_SP_DISABLE_THREADS -Wno-ignored-qualifiers -fno-strict-aliasing -Wno-attributes -Wcast-align -Wconversion -DLINUX -fpic -isystem ../../third_party/cpp -I../../src/ee -g3 -rdynamic   -g3 -DDEBUG  -o cpptests/storage/TempTableLimitsTest static_objects/TempTableLimitsTest.o objects/volt.a
     [exec]      [exec] g++  -Wall -Wextra -Werror -Woverloaded-virtual -Wpointer-arith -Wcast-qual -Wwrite-strings -Winit-self -Wno-sign-compare -Wno-unused-parameter -pthread -D__STDC_CONSTANT_MACROS -D__STDC_LIMIT_MACROS -DNOCLOCK -fno-omit-frame-pointer -fvisibility=hidden -DBOOST_SP_DISABLE_THREADS -Wno-ignored-qualifiers -fno-strict-aliasing -Wno-attributes -Wcast-align -Wconversion -DLINUX -fpic -isystem ../../third_party/cpp -I../../src/ee -g3 -rdynamic   -g3 -DDEBUG  -o cpptests/storage/TupleStreamWrapper_test static_objects/TupleStreamWrapper_test.o objects/volt.a
     [exec]      [exec] g++  -Wall -Wextra -Werror -Woverloaded-virtual -Wpointer-arith -Wcast-qual -Wwrite-strings -Winit-self -Wno-sign-compare -Wno-unused-parameter -pthread -D__STDC_CONSTANT_MACROS -D__STDC_LIMIT_MACROS -DNOCLOCK -fno-omit-frame-pointer -fvisibility=hidden -DBOOST_SP_DISABLE_THREADS -Wno-ignored-qualifiers -fno-strict-aliasing -Wno-attributes -Wcast-align -Wconversion -DLINUX -fpic -isystem ../../third_party/cpp -I../../src/ee -g3 -rdynamic   -g3 -DDEBUG  -o cpptests/./harness_test static_objects/harness_test.o objects/volt.a
     [exec]      [exec] g++  -Wall -Wextra -Werror -Woverloaded-virtual -Wpointer-arith -Wcast-qual -Wwrite-strings -Winit-self -Wno-sign-compare -Wno-unused-parameter -pthread -D__STDC_CONSTANT_MACROS -D__STDC_LIMIT_MACROS -DNOCLOCK -fno-omit-frame-pointer -fvisibility=hidden -DBOOST_SP_DISABLE_THREADS -Wno-ignored-qualifiers -fno-strict-aliasing -Wno-attributes -Wcast-align -Wconversion -DLINUX -fpic -isystem ../../third_party/cpp -I../../src/ee -g3 -rdynamic   -g3 -DDEBUG  -o cpptests/catalog/catalog_test static_objects/catalog_test.o objects/volt.a
     [exec]      [exec] g++  -Wall -Wextra -Werror -Woverloaded-virtual -Wpointer-arith -Wcast-qual -Wwrite-strings -Winit-self -Wno-sign-compare -Wno-unused-parameter -pthread -D__STDC_CONSTANT_MACROS -D__STDC_LIMIT_MACROS -DNOCLOCK -fno-omit-frame-pointer -fvisibility=hidden -DBOOST_SP_DISABLE_THREADS -Wno-ignored-qualifiers -fno-strict-aliasing -Wno-attributes -Wcast-align -Wconversion -DLINUX -fpic -isystem ../../third_party/cpp -I../../src/ee -g3 -rdynamic   -g3 -DDEBUG  -o cpptests/common/debuglog_test static_objects/debuglog_test.o objects/volt.a
     [exec]      [exec] g++  -Wall -Wextra -Werror -Woverloaded-virtual -Wpointer-arith -Wcast-qual -Wwrite-strings -Winit-self -Wno-sign-compare -Wno-unused-parameter -pthread -D__STDC_CONSTANT_MACROS -D__STDC_LIMIT_MACROS -DNOCLOCK -fno-omit-frame-pointer -fvisibility=hidden -DBOOST_SP_DISABLE_THREADS -Wno-ignored-qualifiers -fno-strict-aliasing -Wno-attributes -Wcast-align -Wconversion -DLINUX -fpic -isystem ../../third_party/cpp -I../../src/ee -g3 -rdynamic   -g3 -DDEBUG  -o cpptests/common/serializeio_test static_objects/serializeio_test.o objects/volt.a
     [exec]      [exec] g++  -Wall -Wextra -Werror -Woverloaded-virtual -Wpointer-arith -Wcast-qual -Wwrite-strings -Winit-self -Wno-sign-compare -Wno-unused-parameter -pthread -D__STDC_CONSTANT_MACROS -D__STDC_LIMIT_MACROS -DNOCLOCK -fno-omit-frame-pointer -fvisibility=hidden -DBOOST_SP_DISABLE_THREADS -Wno-ignored-qualifiers -fno-strict-aliasing -Wno-attributes -Wcast-align -Wconversion -DLINUX -fpic -isystem ../../third_party/cpp -I../../src/ee -g3 -rdynamic   -g3 -DDEBUG  -o cpptests/common/undolog_test static_objects/undolog_test.o objects/volt.a
     [exec]      [exec] g++  -Wall -Wextra -Werror -Woverloaded-virtual -Wpointer-arith -Wcast-qual -Wwrite-strings -Winit-self -Wno-sign-compare -Wno-unused-parameter -pthread -D__STDC_CONSTANT_MACROS -D__STDC_LIMIT_MACROS -DNOCLOCK -fno-omit-frame-pointer -fvisibility=hidden -DBOOST_SP_DISABLE_THREADS -Wno-ignored-qualifiers -fno-strict-aliasing -Wno-attributes -Wcast-align -Wconversion -DLINUX -fpic -isystem ../../third_party/cpp -I../../src/ee -g3 -rdynamic   -g3 -DDEBUG  -o cpptests/common/valuearray_test static_objects/valuearray_test.o objects/volt.a
     [exec]      [exec] g++  -Wall -Wextra -Werror -Woverloaded-virtual -Wpointer-arith -Wcast-qual -Wwrite-strings -Winit-self -Wno-sign-compare -Wno-unused-parameter -pthread -D__STDC_CONSTANT_MACROS -D__STDC_LIMIT_MACROS -DNOCLOCK -fno-omit-frame-pointer -fvisibility=hidden -DBOOST_SP_DISABLE_THREADS -Wno-ignored-qualifiers -fno-strict-aliasing -Wno-attributes -Wcast-align -Wconversion -DLINUX -fpic -isystem ../../third_party/cpp -I../../src/ee -g3 -rdynamic   -g3 -DDEBUG  -o cpptests/common/nvalue_test static_objects/nvalue_test.o objects/volt.a
     [exec]      [exec] g++  -Wall -Wextra -Werror -Woverloaded-virtual -Wpointer-arith -Wcast-qual -Wwrite-strings -Winit-self -Wno-sign-compare -Wno-unused-parameter -pthread -D__STDC_CONSTANT_MACROS -D__STDC_LIMIT_MACROS -DNOCLOCK -fno-omit-frame-pointer -fvisibility=hidden -DBOOST_SP_DISABLE_THREADS -Wno-ignored-qualifiers -fno-strict-aliasing -Wno-attributes -Wcast-align -Wconversion -DLINUX -fpic -isystem ../../third_party/cpp -I../../src/ee -g3 -rdynamic   -g3 -DDEBUG  -o cpptests/common/tabletuple_test static_objects/tabletuple_test.o objects/volt.a
     [exec]      [exec] g++  -Wall -Wextra -Werror -Woverloaded-virtual -Wpointer-arith -Wcast-qual -Wwrite-strings -Winit-self -Wno-sign-compare -Wno-unused-parameter -pthread -D__STDC_CONSTANT_MACROS -D__STDC_LIMIT_MACROS -DNOCLOCK -fno-omit-frame-pointer -fvisibility=hidden -DBOOST_SP_DISABLE_THREADS -Wno-ignored-qualifiers -fno-strict-aliasing -Wno-attributes -Wcast-align -Wconversion -DLINUX -fpic -isystem ../../third_party/cpp -I../../src/ee -g3 -rdynamic   -g3 -DDEBUG  -o cpptests/plannodes/PlanNodeFragmentTest static_objects/PlanNodeFragmentTest.o objects/volt.a
     [exec]      [exec] g++  -Wall -Wextra -Werror -Woverloaded-virtual -Wpointer-arith -Wcast-qual -Wwrite-strings -Winit-self -Wno-sign-compare -Wno-unused-parameter -pthread -D__STDC_CONSTANT_MACROS -D__STDC_LIMIT_MACROS -DNOCLOCK -fno-omit-frame-pointer -fvisibility=hidden -DBOOST_SP_DISABLE_THREADS -Wno-ignored-qualifiers -fno-strict-aliasing -Wno-attributes -Wcast-align -Wconversion -DLINUX -fpic -isystem ../../third_party/cpp -I../../src/ee -g3 -rdynamic   -g3 -DDEBUG  -o cpptests/expressions/expression_test static_objects/expression_test.o objects/volt.a
     [exec]      [exec] g++  -Wall -Wextra -Werror -Woverloaded-virtual -Wpointer-arith -Wcast-qual -Wwrite-strings -Winit-self -Wno-sign-compare -Wno-unused-parameter -pthread -D__STDC_CONSTANT_MACROS -D__STDC_LIMIT_MACROS -DNOCLOCK -fno-omit-frame-pointer -fvisibility=hidden -DBOOST_SP_DISABLE_THREADS -Wno-ignored-qualifiers -fno-strict-aliasing -Wno-attributes -Wcast-align -Wconversion -DLINUX -fpic -isystem ../../third_party/cpp -I../../src/ee -g3 -rdynamic   -g3 -DDEBUG  -o cpptests/execution/add_drop_table static_objects/add_drop_table.o objects/volt.a
     [exec]      [exec] g++  -Wall -Wextra -Werror -Woverloaded-virtual -Wpointer-arith -Wcast-qual -Wwrite-strings -Winit-self -Wno-sign-compare -Wno-unused-parameter -pthread -D__STDC_CONSTANT_MACROS -D__STDC_LIMIT_MACROS -DNOCLOCK -fno-omit-frame-pointer -fvisibility=hidden -DBOOST_SP_DISABLE_THREADS -Wno-ignored-qualifiers -fno-strict-aliasing -Wno-attributes -Wcast-align -Wconversion -DLINUX -fpic -isystem ../../third_party/cpp -I../../src/ee -g3 -rdynamic   -g3 -DDEBUG  -o cpptests/execution/engine_test static_objects/engine_test.o objects/volt.a
     [exec]      [exec] g++  -Wall -Wextra -Werror -Woverloaded-virtual -Wpointer-arith -Wcast-qual -Wwrite-strings -Winit-self -Wno-sign-compare -Wno-unused-parameter -pthread -D__STDC_CONSTANT_MACROS -D__STDC_LIMIT_MACROS -DNOCLOCK -fno-omit-frame-pointer -fvisibility=hidden -DBOOST_SP_DISABLE_THREADS -Wno-ignored-qualifiers -fno-strict-aliasing -Wno-attributes -Wcast-align -Wconversion -DLINUX -fpic -isystem ../../third_party/cpp -I../../src/ee -g3 -rdynamic   -g3 -DDEBUG  -o cpptests/structures/CompactingMapTest static_objects/CompactingMapTest.o objects/volt.a
     [exec]      [exec] g++  -Wall -Wextra -Werror -Woverloaded-virtual -Wpointer-arith -Wcast-qual -Wwrite-strings -Winit-self -Wno-sign-compare -Wno-unused-parameter -pthread -D__STDC_CONSTANT_MACROS -D__STDC_LIMIT_MACROS -DNOCLOCK -fno-omit-frame-pointer -fvisibility=hidden -DBOOST_SP_DISABLE_THREADS -Wno-ignored-qualifiers -fno-strict-aliasing -Wno-attributes -Wcast-align -Wconversion -DLINUX -fpic -isystem ../../third_party/cpp -I../../src/ee -g3 -rdynamic   -g3 -DDEBUG  -o cpptests/structures/CompactingHashTest static_objects/CompactingHashTest.o objects/volt.a
     [exec]      [exec] g++  -Wall -Wextra -Werror -Woverloaded-virtual -Wpointer-arith -Wcast-qual -Wwrite-strings -Winit-self -Wno-sign-compare -Wno-unused-parameter -pthread -D__STDC_CONSTANT_MACROS -D__STDC_LIMIT_MACROS -DNOCLOCK -fno-omit-frame-pointer -fvisibility=hidden -DBOOST_SP_DISABLE_THREADS -Wno-ignored-qualifiers -fno-strict-aliasing -Wno-attributes -Wcast-align -Wconversion -DLINUX -fpic -isystem ../../third_party/cpp -I../../src/ee -g3 -rdynamic   -g3 -DDEBUG  -o cpptests/structures/CompactingPoolTest static_objects/CompactingPoolTest.o objects/volt.a
     [exec]      [exec] make: Leaving directory `/home/mike/voltdb/fork/voltdb/obj/release'
     [exec]      [exec] LoggingTest:
     [exec]      [exec] 	TestManagerSetLevels: PASSED.
     [exec]      [exec] 	TestLoggerUsesProxyLevels: PASSED.
     [exec]      [exec] PASSED
     [exec]      [exec] IndexKeyTest:
     [exec]      [exec] 	Int64KeyTest: PASSED.
     [exec]      [exec] 	TwoInt64KeyTest: PASSED.
     [exec]      [exec] 	TwoInt64RegressionKeyTest: PASSED.
     [exec]      [exec] 	Int32AndTwoInt8KeyTest: PASSED.
     [exec]      [exec] 	Int32AndTwoInt8KeyTest2: PASSED.
     [exec]      [exec] 	Int32AndTwoInt8RegressionTest: PASSED.
     [exec]      [exec] 	SingleVarChar30: PASSED.
     [exec]      [exec] 	Int64Packing2Int32sWithSecondNull: PASSED.
     [exec]      [exec] PASSED
     [exec]      [exec] successes/failures: 3/0 in 30us on UniqueGenericHash/CompactingTreeUniqueIndex
     [exec]      [exec] successes/failures: 3/0 in 22us on UniqueIntsHash/CompactingHashUniqueIndex
     [exec]      [exec] successes/failures: 3/0 in 10us on UniqueGenericTree/CompactingTreeUniqueIndex
     [exec]      [exec] successes/failures: 3/0 in 6us on UniqueIntsTree/CompactingTreeUniqueIndex
     [exec]      [exec] successes/failures: 3/0 in 11us on MultiGenericHash/CompactingTreeMultiMapIndex
     [exec]      [exec] successes/failures: 3/0 in 11us on MultiIntsHash/CompactingHashMultiMapIndex
     [exec]      [exec] successes/failures: 3/0 in 6us on MultiGenericTree/CompactingTreeMultiMapIndex
     [exec]      [exec] successes/failures: 3/0 in 3us on MultiIntsTree/CompactingTreeMultiMapIndex
     [exec]      [exec] successes/failures: 4/0 in 15us on UniqueGenericHash/CompactingTreeUniqueIndex
     [exec]      [exec] successes/failures: 4/0 in 7us on UniqueGenericTree/CompactingTreeUniqueIndex
     [exec]      [exec] successes/failures: 4/0 in 10us on MultiGenericHash/CompactingTreeMultiMapIndex
     [exec]      [exec] successes/failures: 4/0 in 7us on MultiGenericTree/CompactingTreeMultiMapIndex
     [exec]      [exec] /home/mike/voltdb/fork/voltdb/obj/release/cpptests/indexes
     [exec]      [exec] IndexTest:
     [exec]      [exec] 	IntUnique: PASSED.
     [exec]      [exec] 	ArrayUnique: PASSED.
     [exec]      [exec] 	IntMulti: PASSED.
     [exec]      [exec] 	IntsUnique: PASSED.
     [exec]      [exec] 	IntsMulti: PASSED.
     [exec]      [exec] 	TupleKeyUnique: PASSED.
     [exec]      [exec] PASSED
     [exec]      [exec] CompactingHashIndexTest:
     [exec]      [exec] 	ENG1193: PASSED.
     [exec]      [exec] PASSED
     [exec]      [exec] CompactionTest:
     [exec]      [exec] 	BasicCompaction: PASSED.
     [exec]      [exec] 	CompactionWithCopyOnWrite: PASSED.
     [exec]      [exec] 	TestENG897: PASSED.
     [exec]      [exec] PASSED
     [exec]      [exec] CopyOnWriteTest:
     [exec]      [exec] 	CopyOnWriteIterator: PASSED.
     [exec]      [exec] 	TestTableTupleFlags: PASSED.
     [exec]      [exec] 	BigTest: PASSED.
     [exec]      [exec] 	BigTestWithUndo: PASSED.
     [exec]      [exec] 	BigTestUndoEverything: PASSED.
     [exec]      [exec] PASSED
     [exec]      [exec] ConstraintTest:
     [exec]      [exec] 	NotNull: PASSED.
     [exec]      [exec] 	UniqueOneColumnNotNull: PASSED.
     [exec]      [exec] 	UniqueOneColumnAllowNull: PASSED.
     [exec]      [exec] 	UniqueTwoColumnNotNull: PASSED.
     [exec]      [exec] 	UniqueTwoColumnAllowNull: PASSED.
     [exec]      [exec] PASSED
     [exec]      [exec] FilterTest:
     [exec]      [exec] 	SimpleFilter: PASSED.
     [exec]      [exec] 	OrFilter: PASSED.
     [exec]      [exec] 	AndFilter: PASSED.
     [exec]      [exec] 	ComplexFilter: PASSED.
     [exec]      [exec] 	SubstituteFilter: PASSED.
     [exec]      [exec] PASSED
     [exec]      [exec] PersistentTableLogTest:
     [exec]      [exec] 	InsertDeleteThenUndoOneTest: PASSED.
     [exec]      [exec] 	InsertUpdateThenUndoOneTest: PASSED.
     [exec]      [exec] 	InsertThenUndoInsertsOneTest: PASSED.
     [exec]      [exec] PASSED
     [exec]      [exec] PersistentTableMemStatsTest:
     [exec]      [exec] 	InsertTest: PASSED.
     [exec]      [exec] 	InsertThenUndoInsertTest: PASSED.
     [exec]      [exec] 	UpdateTest: PASSED.
     [exec]      [exec] 	UpdateAndUndoTest: PASSED.
     [exec]      [exec] 	DeleteTest: PASSED.
     [exec]      [exec] 	DeleteAndUndoTest: PASSED.
     [exec]      [exec] PASSED
     [exec]      [exec] TableSerializeTest:
     [exec]      [exec] 	RoundTrip: PASSED.
     [exec]      [exec] 	NullStrings: PASSED.
     [exec]      [exec] PASSED
     [exec]      [exec] StreamedTableTest:
     [exec]      [exec] 	BaseCase: PASSED.
     [exec]      [exec] PASSED
     [exec]      [exec] TableAndIndexTest:
     [exec]      [exec] 	BigTest: PASSED.
     [exec]      [exec] PASSED
     [exec]      [exec] TableTest:
     [exec]      [exec] 	ValueTypes: PASSED.
     [exec]      [exec] 	TupleInsert: PASSED.
     [exec]      [exec] 	TupleUpdate: PASSED.
     [exec]      [exec] PASSED
     [exec]      [exec] TableTupleExportTest:
     [exec]      [exec] 	maxExportSerSize_tiny: PASSED.
     [exec]      [exec] 	maxExportSerSize_withNulls: PASSED.
     [exec]      [exec] 	serToExport: PASSED.
     [exec]      [exec] 	serWithNulls: PASSED.
     [exec]      [exec] PASSED
     [exec]      [exec] TempTableLimitsTest:
     [exec]      [exec] 	CheckLogLatch: PASSED.
     [exec]      [exec] 	CheckLimitException: PASSED.
     [exec]      [exec] PASSED
     [exec]      [exec] TupleStreamWrapperTest:
     [exec]      [exec] 	DoOneTuple: PASSED.
     [exec]      [exec] 	BasicOps: PASSED.
     [exec]      [exec] 	FarFutureFlush: PASSED.
     [exec]      [exec] 	Fill: PASSED.
     [exec]      [exec] 	FillSingleTxnAndAppend: PASSED.
     [exec]      [exec] 	FillSingleTxnAndFlush: PASSED.
     [exec]      [exec] 	FillSingleTxnAndCommitWithRollback: PASSED.
     [exec]      [exec] 	FillWithOneTxn: PASSED.
     [exec]      [exec] 	RollbackFirstTuple: PASSED.
     [exec]      [exec] 	RollbackMiddleTuple: PASSED.
     [exec]      [exec] 	RollbackWholeBuffer: PASSED.
     [exec]      [exec] PASSED
     [exec]      [exec] testSuccess: PASSED.
     [exec]      [exec] testFail: PASSED.
     [exec]      [exec] testExpectEQ: PASSED.
     [exec]      [exec] testExpectNE: PASSED.
     [exec]      [exec] testExpectLT: PASSED.
     [exec]      [exec] testExpectLE: PASSED.
     [exec]      [exec] testExpectGT: PASSED.
     [exec]      [exec] testExpectGE: PASSED.
     [exec]      [exec] testExpectTrue: PASSED.
     [exec]      [exec] testAssert: PASSED.
     [exec]      [exec] testAssertTrue: PASSED.
     [exec]      [exec] 
     [exec]      [exec] ExpectDeath:
     [exec]      [exec] 	FailsToDie: PASSED.
     [exec]      [exec] 	Dies: PASSED.
     [exec]      [exec] 
     [exec]      [exec] ChTempDir:
     [exec]      [exec] 	Simple: PASSED.
     [exec]      [exec] 
     [exec]      [exec] JSONEscape:
     [exec]      [exec] 	Simple: PASSED.
     [exec]      [exec] 
     [exec]      [exec] StupidUnitOutputTest:
     [exec]      [exec] 	EmptyOutputFileName: Test:
     [exec]      [exec] 	Test: PASSED.
     [exec]      [exec] PASSED
     [exec]      [exec] PASSED.
     [exec]      [exec] 	FileExists: PASSED.
     [exec]      [exec] 	OutputSuccess: Test:
     [exec]      [exec] 	Test: PASSED.
     [exec]      [exec] 	Test: PASSED.
     [exec]      [exec] PASSED
     [exec]      [exec] PASSED.
     [exec]      [exec] 	OutputFailure: Test:
     [exec]      [exec] 	Test: FAILED.
     [exec]      [exec] ../../tests/ee/./harness_test.cpp:104: Test failed: fail called once"\
     [exec]      [exec] ../../tests/ee/./harness_test.cpp:105: Test failed: fail called twice
     [exec]      [exec] 
     [exec]      [exec] 1 FAILED
     [exec]      [exec] PASSED.
     [exec]      [exec] PASSED
     [exec]      [exec] CatalogTest:
     [exec]      [exec] 	EmptyDeserialize: PASSED.
     [exec]      [exec] 	AddSomething: PASSED.
     [exec]      [exec] 	HexDecode: PASSED.
     [exec]      [exec] PASSED
     [exec]      [exec] DebugLogTest:
     [exec]      [exec] 	SimpleTest: [DEBUG] [../../tests/ee/common/debuglog_test.cpp:64:run()] 2012-05-31 21:18:30 - debug message
     [exec]      [exec] [INFO ] [../../tests/ee/common/debuglog_test.cpp:65:run()] 2012-05-31 21:18:30 - debug message2
     [exec]      [exec] PASSED.
     [exec]      [exec] 	ParamTest: [DEBUG] [../../tests/ee/common/debuglog_test.cpp:69:run()] 2012-05-31 21:18:30 - debug value 123
     [exec]      [exec] [INFO ] [../../tests/ee/common/debuglog_test.cpp:70:run()] 2012-05-31 21:18:30 - debug value2 hogehoge
     [exec]      [exec] [ERROR] [../../tests/ee/common/debuglog_test.cpp:71:run()] 2012-05-31 21:18:30 - debug value3 -471
     [exec]      [exec] [WARN ] [../../tests/ee/common/debuglog_test.cpp:72:run()] 2012-05-31 21:18:30 - debug value4 0
     [exec]      [exec] PASSED.
     [exec]      [exec] 	MultiParamTest: [DEBUG] [../../tests/ee/common/debuglog_test.cpp:75:run()] 2012-05-31 21:18:30 - debug value 123, hoho, 10
     [exec]      [exec] PASSED.
     [exec]      [exec] 	EnabledTest: [ERROR] [../../tests/ee/common/debuglog_test.cpp:79:run()] 2012-05-31 21:18:30 - this should be displayed
     [exec]      [exec] PASSED.
     [exec]      [exec] PASSED
     [exec]      [exec] SerializeIOTest:
     [exec]      [exec] 	ReadWrite: PASSED.
     [exec]      [exec] 	Unread: PASSED.
     [exec]      [exec] 
     [exec]      [exec] SerializeOutput:
     [exec]      [exec] 	ReserveBytes: PASSED.
     [exec]      [exec] PASSED
     [exec]      [exec] UndoLogTest:
     [exec]      [exec] 	TestZeroQuantumZeroAction: PASSED.
     [exec]      [exec] 	TestOneQuantumZeroAction: PASSED.
     [exec]      [exec] 	TestOneQuantumOneAction: PASSED.
     [exec]      [exec] 	TestOneQuantumTenAction: PASSED.
     [exec]      [exec] 	TestTenQuantumOneAction: PASSED.
     [exec]      [exec] 	TestTenQuantumTenAction: PASSED.
     [exec]      [exec] 	TestOneQuantumOneActionRelease: PASSED.
     [exec]      [exec] 	TestOneQuantumOneActionUndo: PASSED.
     [exec]      [exec] 	TestOneQuantumThreeActionUndoOrdering: PASSED.
     [exec]      [exec] 	TestOneQuantumThreeActionReleaseOrdering: PASSED.
     [exec]      [exec] 	TestThreeQuantumThreeActionUndoOrdering: PASSED.
     [exec]      [exec] 	TestThreeQuantumThreeActionReleaseOrdering: PASSED.
     [exec]      [exec] 	TestThreeQuantumThreeActionReleaseOneUndoOne: PASSED.
     [exec]      [exec] 	TestThreeQuantumThreeActionUndoOneReleaseOne: PASSED.
     [exec]      [exec] 	TestTwoQuantumTwoActionReleaseOneUndoOne: PASSED.
     [exec]      [exec] 	TestTwoQuantumTwoActionUndoOneReleaseOne: PASSED.
     [exec]      [exec] PASSED
     [exec]      [exec] ValueArrayTest:
     [exec]      [exec] 	BasicTest: PASSED.
     [exec]      [exec] PASSED
     [exec]      [exec] NValueTest:
     [exec]      [exec] 	DeserializeDecimal: PASSED.
     [exec]      [exec] 	TestCastToBigInt: PASSED.
     [exec]      [exec] 	TestCastToInteger: PASSED.
     [exec]      [exec] 	TestCastToSmallInt: PASSED.
     [exec]      [exec] 	TestCastToTinyInt: PASSED.
     [exec]      [exec] 	TestCastToDouble: PASSED.
     [exec]      [exec] 	TestCastToString: PASSED.
     [exec]      [exec] 	TestCastToDecimal: PASSED.
     [exec]      [exec] 	TestBigIntOpAddOverflow: PASSED.
     [exec]      [exec] 	TestBigIntOpSubtractOverflow: PASSED.
     [exec]      [exec] 	TestBigIntOpMultiplyOverflow: PASSED.
     [exec]      [exec] 	TestDoubleOpAddOverflow: PASSED.
     [exec]      [exec] 	TestDoubleOpSubtractOverflow: PASSED.
     [exec]      [exec] 	TestDoubleOpMultiplyOverflow: PASSED.
     [exec]      [exec] 	TestDoubleOpDivideOverflow: PASSED.
     [exec]      [exec] 	TestOpIncrementOverflow: PASSED.
     [exec]      [exec] 	TestOpDecrementOverflow: PASSED.
     [exec]      [exec] 	TestComparisonOps: PASSED.
     [exec]      [exec] 	TestNullHandling: PASSED.
     [exec]      [exec] 	TestDivideByZero: PASSED.
     [exec]      [exec] 	CompareDecimal: PASSED.
     [exec]      [exec] 	AddDecimal: PASSED.
     [exec]      [exec] 	SubtractDecimal: PASSED.
     [exec]      [exec] 	DecimalProducts: PASSED.
     [exec]      [exec] 	DecimalQuotients: PASSED.
     [exec]      [exec] 	SerializeToExport: PASSED.
     [exec]      [exec] PASSED
     [exec]      [exec] TableTupleTest:
     [exec]      [exec] 	ComputeNonInlinedMemory: PASSED.
     [exec]      [exec] PASSED
     [exec]      [exec] PlanNodeFragmentTest:
     [exec]      [exec] 	HasDeleteTrue: PASSED.
     [exec]      [exec] 	HasDeleteFalse: PASSED.
     [exec]      [exec] 	HasDeleteInline: PASSED.
     [exec]      [exec] PASSED
     [exec]      [exec] ExpressionTest:
     [exec]      [exec] 	SimpleAddition: PASSED.
     [exec]      [exec] 	SimpleMultiplication: PASSED.
     [exec]      [exec] PASSED
     [exec]      [exec] AddDropTableTest:
     [exec]      [exec] 	DetectNewTable: PASSED.
     [exec]      [exec] 	DetectDeletedTable: PASSED.
     [exec]      [exec] 	WasAddedFlagCleared: PASSED.
     [exec]      [exec] 	DeletionsSetCleared: PASSED.
     [exec]      [exec] 	AddTable: PASSED.
     [exec]      [exec] 	AddTwoTablesDropTwoTables: PASSED.
     [exec]      [exec] 	DropTable: PASSED.
     [exec]      [exec] 	AddDropAdd: PASSED.
     [exec]      [exec] 	StatsWithDropTable: PASSED.
     [exec]      [exec] 	BadDropTable: PASSED.
     [exec]      [exec] 	BadAddTable: PASSED.
     [exec]      [exec] PASSED
     [exec]      [exec] PASSED
     [exec]      [exec] CompactingMapTest:
     [exec]      [exec] 	Benchmark: PASSED.
     [exec]      [exec] 	BenchmarkDel: PASSED.
     [exec]      [exec] 	Bounds: PASSED.
     [exec]      [exec] 	BenchmarkMulti: PASSED.
     [exec]      [exec] 	Trivial: PASSED.
     [exec]      [exec] 	RandomUnique: PASSED.
     [exec]      [exec] 	RandomMulti: PASSED.
     [exec]      [exec] PASSED
     [exec]      [exec] Assertions are enabled
     [exec]      [exec] CompactingHashTest:
     [exec]      [exec] 	Fuzz: PASSED.
     [exec]      [exec] 	MissingByKey: PASSED.
     [exec]      [exec] 	ShrinkAndGrowUnique: PASSED.
     [exec]      [exec] 	ShrinkAndGrowMulti: PASSED.
     [exec]      [exec] 	Benchmark: PASSED.
     [exec]      [exec] 	BenchmarkDel: PASSED.
     [exec]      [exec] 	BenchmarkMulti: PASSED.
     [exec]      [exec] 	Trivial: PASSED.
     [exec]      [exec] PASSED
     [exec]      [exec] CompactingPoolTest:
     [exec]      [exec] 	basic_ops: PASSED.
     [exec]      [exec] 	bytes_allocated_test: PASSED.
     [exec]      [exec] PASSED
     [exec]      [exec] ===============================================================================
     [exec]      [exec] TESTING COMPLETE (PASSED: 33, FAILED: 0)
     [exec]      [exec] *** SUCCESS ***
     [exec]      [exec] ===============================================================================
     [exec] 
     [exec] junit:
     [exec]     [junit] Running org.hsqldb_voltpatches.TestHSQLDB
     [exec]     [junit] Tests run:   1, Failures:   0, Errors:   0, Time elapsed: 0.46 sec
     [exec]     [junit] Running org.hsqldb_voltpatches.TestJDBC
     [exec]     [junit] Tests run:   3, Failures:   0, Errors:   0, Time elapsed: 0.60 sec
     [exec]     [junit] Running org.voltdb.TestAdHocQueries
     [exec]     [junit] [ERROR] [../../src/ee/executors/insertexecutor.cpp:307:p_next_pull()] 2012-05-31 21:20:17 - Mispartitioned Tuple in single-partition plan.
     [exec]     [junit] Tests run:   1, Failures:   0, Errors:   0, Time elapsed: 2.83 sec
     [exec]     [junit] Running org.voltdb.TestBuildString
     [exec]     [junit] Tests run:   7, Failures:   0, Errors:   0, Time elapsed: 0.22 sec
     [exec]     [junit] Running org.voltdb.TestClientInterface
     [exec]     [junit] Tests run:  15, Failures:   0, Errors:   0, Time elapsed: 1.37 sec
     [exec]     [junit] Running org.voltdb.TestEELibraryLoader
     [exec]     [junit] Tests run:   1, Failures:   0, Errors:   0, Time elapsed: 0.38 sec
     [exec]     [junit] Running org.voltdb.TestExecutionSite
     [exec]     [junit] Tests run:   8, Failures:   0, Errors:   0, Time elapsed: 2.13 sec
     [exec]     [junit] Running org.voltdb.TestExpectations
     [exec]     [junit] Tests run:   1, Failures:   0, Errors:   0, Time elapsed: 3.15 sec
     [exec]     [junit] Running org.voltdb.TestHSQLBackend
     [exec]     [junit] Tests run:   5, Failures:   0, Errors:   0, Time elapsed: 11.63 sec
     [exec]     [junit] Running org.voltdb.TestJSONInterface
     [exec]     [junit] Tests run:   8, Failures:   0, Errors:   0, Time elapsed: 49.99 sec
     [exec]     [junit] Running org.voltdb.TestJdbcDatabaseMetaDataGenerator
     [exec]     [junit] Tests run:   5, Failures:   0, Errors:   0, Time elapsed: 1.42 sec
     [exec]     [junit] Running org.voltdb.TestParameterSet
     [exec]     [junit] Tests run:   5, Failures:   0, Errors:   0, Time elapsed: 0.23 sec
     [exec]     [junit] Running org.voltdb.TestRejoinEndToEnd
     [exec]     [junit] Tests run:  14, Failures:   0, Errors:   0, Time elapsed: 154.41 sec
     [exec]     [junit] Running org.voltdb.TestRejoinFuzz
     [exec]     [junit] Tests run:   1, Failures:   0, Errors:   0, Time elapsed: 155.10 sec
     [exec]     [junit] Running org.voltdb.TestRejoinFuzz2
     [exec]     [junit] Tests run:   1, Failures:   0, Errors:   0, Time elapsed: 88.13 sec
     [exec]     [junit] Running org.voltdb.TestReplicatedInvocation
     [exec]     [junit] Tests run:   4, Failures:   0, Errors:   0, Time elapsed: 6.27 sec
     [exec]     [junit] Running org.voltdb.TestRestoreAgent
     [exec]     [junit] Tests run:  21, Failures:   0, Errors:   0, Time elapsed: 40.07 sec
     [exec]     [junit] Running org.voltdb.TestSimpleCJK
     [exec]     [junit] Tests run:   2, Failures:   0, Errors:   0, Time elapsed: 5.06 sec
     [exec]     [junit] Running org.voltdb.TestSnapshotDaemon
     [exec]     [junit] Tests run:   4, Failures:   0, Errors:   0, Time elapsed: 9.04 sec
     [exec]     [junit] Running org.voltdb.TestStatsAgent
     [exec]     [junit] Tests run:   4, Failures:   0, Errors:   0, Time elapsed: 2.11 sec
     [exec]     [junit] Running org.voltdb.TestTheHashinator
     [exec]     [junit] Tests run:   6, Failures:   0, Errors:   0, Time elapsed: 0.69 sec
     [exec]     [junit] Running org.voltdb.TestTransactionIdManager
     [exec]     [junit] Tests run:   6, Failures:   0, Errors:   0, Time elapsed: 0.34 sec
     [exec]     [junit] Running org.voltdb.TestTwoSitePlans
     [exec]     [junit] Tests run:   1, Failures:   0, Errors:   0, Time elapsed: 2.38 sec
     [exec]     [junit] Running org.voltdb.TestVoltDB
     [exec]     [junit] Tests run:   4, Failures:   0, Errors:   0, Time elapsed: 6.96 sec
     [exec]     [junit] Running org.voltdb.TestVoltProcedure
     [exec]     [junit] Tests run:  18, Failures:   0, Errors:   0, Time elapsed: 1.10 sec
     [exec]     [junit] Running org.voltdb.TestVoltTable
     [exec]     [junit] Tests run:  29, Failures:   0, Errors:   0, Time elapsed: 0.57 sec
     [exec]     [junit] Running org.voltdb.TestVoltType
     [exec]     [junit] Tests run:   9, Failures:   0, Errors:   0, Time elapsed: 0.16 sec
     [exec]     [junit] Running org.voltdb.catalog.TestCatalogDiffs
     [exec]     [junit] Tests run:  27, Failures:   0, Errors:   0, Time elapsed: 24.78 sec
     [exec]     [junit] Running org.voltdb.catalog.TestCatalogSerialization
     [exec]     [junit] Tests run:   1, Failures:   0, Errors:   0, Time elapsed: 4.86 sec
     [exec]     [junit] Running org.voltdb.client.TestClientTimeouts
     [exec]     [junit] Tests run:   2, Failures:   0, Errors:   0, Time elapsed: 9.70 sec
     [exec]     [junit] Running org.voltdb.client.TestDistributer
     [exec]     [junit] Tests run:   7, Failures:   0, Errors:   0, Time elapsed: 13.83 sec
     [exec]     [junit] Running org.voltdb.client.TestProcedureInvocation
     [exec]     [junit] Tests run:   4, Failures:   0, Errors:   0, Time elapsed: 0.24 sec
     [exec]     [junit] Running org.voltdb.compiler.TestAsyncCompilerAgent
     [exec]     [junit] Tests run:   1, Failures:   0, Errors:   0, Time elapsed: 0.50 sec
     [exec]     [junit] Running org.voltdb.compiler.TestClusterCompiler
     [exec]     [junit] Tests run:   2, Failures:   0, Errors:   0, Time elapsed: 0.16 sec
     [exec]     [junit] Running org.voltdb.compiler.TestDDLCompiler
     [exec]     [junit] Tests run:   6, Failures:   0, Errors:   0, Time elapsed: 1.58 sec
     [exec]     [junit] Running org.voltdb.compiler.TestMilestoneOneCompile
     [exec]     [junit] Tests run:   1, Failures:   0, Errors:   0, Time elapsed: 1.04 sec
     [exec]     [junit] Running org.voltdb.compiler.TestVoltCompiler
     [exec]     [junit] Tests run:  56, Failures:   0, Errors:   0, Time elapsed: 10.84 sec
     [exec]     [junit] Running org.voltdb.dtxn.TestDtxnInitiatorMailbox
     [exec]     [junit] Tests run:   8, Failures:   0, Errors:   0, Time elapsed: 0.69 sec
     [exec]     [junit] Running org.voltdb.dtxn.TestInFlightTxnState
     [exec]     [junit] Tests run:   2, Failures:   0, Errors:   0, Time elapsed: 0.22 sec
     [exec]     [junit] Running org.voltdb.dtxn.TestNonDetermisticSeppuku
     [exec]     [junit] Tests run:   3, Failures:   0, Errors:   0, Time elapsed: 12.52 sec
     [exec]     [junit] Running org.voltdb.dtxn.TestRestrictedPriorityQueue
     [exec]     [junit] Tests run:   6, Failures:   0, Errors:   0, Time elapsed: 0.26 sec
     [exec]     [junit] Running org.voltdb.dtxn.TestSimpleWorkUnit
     [exec]     [junit] Tests run:   6, Failures:   0, Errors:   0, Time elapsed: 0.51 sec
     [exec]     [junit] Running org.voltdb.dtxn.TestSiteTracker
     [exec]     [junit] Tests run:   7, Failures:   0, Errors:   0, Time elapsed: 0.65 sec
     [exec]     [junit] Running org.voltdb.executionsitefuzz.TestExecutionSiteFuzzChecker
     [exec]     [junit] Tests run:  13, Failures:   0, Errors:   0, Time elapsed: 0.28 sec
     [exec]     [junit] Running org.voltdb.export.TestExportDataSource
     [exec]     [junit] Tests run:   5, Failures:   0, Errors:   0, Time elapsed: 0.50 sec
     [exec]     [junit] Running org.voltdb.export.TestExportProtoMessage
     [exec]     [junit] Tests run:  11, Failures:   0, Errors:   0, Time elapsed: 0.24 sec
     [exec]     [junit] Running org.voltdb.export.TestStreamBlockQueue
     [exec]     [junit] Tests run:   7, Failures:   0, Errors:   0, Time elapsed: 7.28 sec
     [exec]     [junit] Running org.voltdb.export.processors.TestRawProcessor
     [exec]     [junit] Tests run:  10, Failures:   0, Errors:   0, Time elapsed: 0.49 sec
     [exec]     [junit] Running org.voltdb.exportclient.TestCtrlC
     [exec]     [junit] Tests run:   1, Failures:   0, Errors:   0, Time elapsed: 35.20 sec
     [exec]     [junit] Running org.voltdb.exportclient.TestExportDataSink
     [exec]     [junit] Tests run:   1, Failures:   0, Errors:   0, Time elapsed: 0.22 sec
     [exec]     [junit] Running org.voltdb.exportclient.TestExportDecoderBase
     [exec]     [junit] Tests run:   1, Failures:   0, Errors:   0, Time elapsed: 0.15 sec
     [exec]     [junit] Running org.voltdb.exportclient.TestExportOpsEvents
     [exec]     [junit] Tests run:   3, Failures:   0, Errors:   0, Time elapsed: 7.80 sec
     [exec]     [junit] Running org.voltdb.exportclient.TestExportToFileClient
     [exec]     [junit] Tests run:   2, Failures:   0, Errors:   0, Time elapsed: 9.23 sec
     [exec]     [junit] Running org.voltdb.expressions.TestExpressionUtil
     [exec]     [junit] Tests run:   6, Failures:   0, Errors:   0, Time elapsed: 0.16 sec
     [exec]     [junit] Running org.voltdb.fault.TestFaultDistributor
     [exec]     [junit] Tests run:   8, Failures:   0, Errors:   0, Time elapsed: 0.67 sec
     [exec]     [junit] Running org.voltdb.jdbc.TestJDBCDriver
     [exec]     [junit] Tests run:  15, Failures:   0, Errors:   0, Time elapsed: 4.54 sec
     [exec]     [junit] Running org.voltdb.jni.TestExecutionEngine
     [exec]     [junit] [ERROR] [../../src/ee//voltdbjni.cpp:336:Java_org_voltdb_jni_ExecutionEngine_nativeLoadCatalog()] 2012-05-31 21:32:10 - loadCatalog failed
     [exec]     [junit] Tests run:   7, Failures:   0, Errors:   0, Time elapsed: 20.73 sec
     [exec]     [junit] Running org.voltdb.messaging.TestFastSerializer
     [exec]     [junit] Tests run:   4, Failures:   0, Errors:   0, Time elapsed: 0.34 sec
     [exec]     [junit] Running org.voltdb.messaging.TestMessaging
     [exec]     [junit] Tests run:   6, Failures:   0, Errors:   0, Time elapsed: 1.36 sec
     [exec]     [junit] Running org.voltdb.messaging.TestVoltMessageSerialization
     [exec]     [junit] Tests run:   8, Failures:   0, Errors:   0, Time elapsed: 0.25 sec
     [exec]     [junit] Running org.voltdb.network.TestNIOReadStream
     [exec]     [junit] Tests run:   8, Failures:   0, Errors:   0, Time elapsed: 0.24 sec
     [exec]     [junit] Running org.voltdb.network.TestNIOWriteStream
     [exec]     [junit] Tests run:   6, Failures:   0, Errors:   0, Time elapsed: 0.30 sec
     [exec]     [junit] Running org.voltdb.network.TestVoltNetwork
     [exec]     [junit] Tests run:   2, Failures:   0, Errors:   0, Time elapsed: 0.23 sec
     [exec]     [junit] Running org.voltdb.network.TestVoltPort
     [exec]     [junit] Tests run:   1, Failures:   0, Errors:   0, Time elapsed: 0.23 sec
     [exec]     [junit] Running org.voltdb.planner.TestColumnTrimmingPlans
     [exec]     [junit] Tests run:   1, Failures:   0, Errors:   0, Time elapsed: 0.87 sec
     [exec]     [junit] Running org.voltdb.planner.TestCoveringIndexPlans
     [exec]     [junit]     testEng1023 failed an assertion.
     [exec]     [junit]         org.voltdb.planner.TestCoveringIndexPlans(TestCoveringIndexPlans.java:98)
     [exec]     [junit]     testCover2ColumnsWithEquality failed an assertion.
     [exec]     [junit]         org.voltdb.planner.TestCoveringIndexPlans(TestCoveringIndexPlans.java:116)
     [exec]     [junit]     testCover3ColumnsInOrderWithLessThan failed an assertion.
     [exec]     [junit]         org.voltdb.planner.TestCoveringIndexPlans(TestCoveringIndexPlans.java:134)
     [exec]     [junit]     testCover3ColumnsOutOfOrderWithLessThan failed an assertion.
     [exec]     [junit]         org.voltdb.planner.TestCoveringIndexPlans(TestCoveringIndexPlans.java:170)
     [exec]     [junit]     testSingleColumnLessThan failed an assertion.
     [exec]     [junit]         org.voltdb.planner.TestCoveringIndexPlans(TestCoveringIndexPlans.java:188)
     [exec]     [junit] Tests run:   6, Failures:   5, Errors:   0, Time elapsed: 0.89 sec
     [exec]     [junit] Test org.voltdb.planner.TestCoveringIndexPlans FAILED
     [exec]     [junit] Running org.voltdb.planner.TestFunctions
     [exec]     [junit] Tests run:   1, Failures:   0, Errors:   0, Time elapsed: 0.49 sec
     [exec]     [junit] Running org.voltdb.planner.TestIndexVSHashChoice
     [exec]     [junit]     testEng931Plan failed an assertion.
     [exec]     [junit]         org.voltdb.planner.TestIndexVSHashChoice(TestIndexVSHashChoice.java:89)
     [exec]     [junit] Tests run:   1, Failures:   1, Errors:   0, Time elapsed: 0.60 sec
     [exec]     [junit] Test org.voltdb.planner.TestIndexVSHashChoice FAILED
     [exec]     [junit] Running org.voltdb.planner.TestJoinOrder
     [exec]     [junit] Tests run:   1, Failures:   0, Errors:   0, Time elapsed: 0.65 sec
     [exec]     [junit] Running org.voltdb.planner.TestParsedStatements
     [exec]     [junit] Tests run:   4, Failures:   0, Errors:   0, Time elapsed: 11.93 sec
     [exec]     [junit] Running org.voltdb.planner.TestPlannerTool
     [exec]     [junit] Tests run:   2, Failures:   0, Errors:   0, Time elapsed: 16.27 sec
     [exec]     [junit] Running org.voltdb.planner.TestPlansGroupBy
     [exec]     [junit] Tests run:   6, Failures:   0, Errors:   0, Time elapsed: 0.82 sec
     [exec]     [junit] Running org.voltdb.planner.TestPlansOrderBy
     [exec]     [junit] Tests run:   9, Failures:   0, Errors:   0, Time elapsed: 0.93 sec
     [exec]     [junit] Running org.voltdb.planner.TestPlansTPCC
     [exec]     [junit] Tests run:   7, Failures:   0, Errors:   0, Time elapsed: 1.77 sec
     [exec]     [junit] Running org.voltdb.planner.TestPushDownAggregates
     [exec]     [junit] Tests run:  19, Failures:   0, Errors:   0, Time elapsed: 1.27 sec
     [exec]     [junit] Running org.voltdb.planner.TestVerbotenPlans
     [exec]     [junit] Tests run:   1, Failures:   0, Errors:   0, Time elapsed: 0.89 sec
     [exec]     [junit] Running org.voltdb.plannodes.TestNestLoopPlanNode
     [exec]     [junit] Tests run:   1, Failures:   0, Errors:   0, Time elapsed: 0.17 sec
     [exec]     [junit] Running org.voltdb.plannodes.TestScanPlanNode
     [exec]     [junit]     testOutputSchemaSomeScanColumns failed an assertion.
     [exec]     [junit]         org.voltdb.plannodes.TestScanPlanNode(TestScanPlanNode.java:116)
     [exec]     [junit] Tests run:   3, Failures:   1, Errors:   0, Time elapsed: 0.48 sec
     [exec]     [junit] Test org.voltdb.plannodes.TestScanPlanNode FAILED
     [exec]     [junit] Running org.voltdb.regressionsuites.TestAdminMode
     [exec]     [junit] Tests run:   2, Failures:   0, Errors:   0, Time elapsed: 9.00 sec
     [exec]     [junit] Running org.voltdb.regressionsuites.TestCRUDSuite
     [exec]     [junit] Tests run:  10, Failures:   0, Errors:   0, Time elapsed: 25.50 sec
     [exec]     [junit] Running org.voltdb.regressionsuites.TestCatalogUpdateSuite
     [exec]     [junit] Tests run:   6, Failures:   0, Errors:   0, Time elapsed: 163.48 sec
     [exec]     [junit] Running org.voltdb.regressionsuites.TestDecimalDefaults
     [exec]     [junit] Tests run:   1, Failures:   0, Errors:   0, Time elapsed: 1.94 sec
     [exec]     [junit] Running org.voltdb.regressionsuites.TestExecutionSiteDeath
     [exec]     [junit] Tests run:   1, Failures:   0, Errors:   0, Time elapsed: 5.16 sec
     [exec]     [junit] Running org.voltdb.regressionsuites.TestFailureDetectSuite
     [exec]     [junit] Tests run:   4, Failures:   0, Errors:   0, Time elapsed: 19.63 sec
     [exec]     [junit] Running org.voltdb.regressionsuites.TestFailuresSuite
     [exec]     [junit] Tests run:  42, Failures:   0, Errors:   0, Time elapsed: 129.08 sec
     [exec]     [junit] Running org.voltdb.regressionsuites.TestFixedSQLSuite
     [exec]     [junit] Test org.voltdb.regressionsuites.TestFixedSQLSuite FAILED (crashed)
     [exec]     [junit] Running org.voltdb.regressionsuites.TestGiantDeleteSuite
     [exec]     [junit] Tests run:   1, Failures:   0, Errors:   0, Time elapsed: 107.61 sec
     [exec]     [junit] Running org.voltdb.regressionsuites.TestIndexMemoryOwnershipSuite
     [exec]     [junit] Tests run:   3, Failures:   0, Errors:   0, Time elapsed: 3.85 sec
     [exec]     [junit] Running org.voltdb.regressionsuites.TestIndexesSuite
     [exec]     [junit] Tests run:  18, Failures:   0, Errors:   0, Time elapsed: 32.08 sec
     [exec]     [junit] Running org.voltdb.regressionsuites.TestLimitOffsetSuite
     [exec]     [junit] Tests run:  18, Failures:   0, Errors:   0, Time elapsed: 36.08 sec
     [exec]     [junit] Running org.voltdb.regressionsuites.TestLoadingSuite
     [exec]     [junit] Tests run:   6, Failures:   0, Errors:   0, Time elapsed: 12.52 sec
     [exec]     [junit] Running org.voltdb.regressionsuites.TestMaterializedViewSuite
     [exec]     [junit] Tests run:  24, Failures:   0, Errors:   0, Time elapsed: 51.25 sec
     [exec]     [junit] Running org.voltdb.regressionsuites.TestMultiPartitionSuite
     [exec]     [junit] Tests run:  20, Failures:   0, Errors:   0, Time elapsed: 47.44 sec
     [exec]     [junit] Running org.voltdb.regressionsuites.TestOrderBySuite
     [exec]     [junit] Tests run:  40, Failures:   0, Errors:   0, Time elapsed: 79.09 sec
     [exec]     [junit] Running org.voltdb.regressionsuites.TestPartitionDetection
     [exec]     [junit] Tests run:   1, Failures:   0, Errors:   0, Time elapsed: 9.14 sec
     [exec]     [junit] External VoltDB process terminated abnormally with return: 255
     [exec]     [junit] Running org.voltdb.regressionsuites.TestPlansGroupBySuite
     [exec]     [junit] Tests run:  42, Failures:   0, Errors:   0, Time elapsed: 68.93 sec
     [exec]     [junit] Running org.voltdb.regressionsuites.TestReplicatedSaveRestoreSysprocSuite
     [exec]     [junit] Tests run:  17, Failures:   0, Errors:   0, Time elapsed: 40.33 sec
     [exec]     [junit] Running org.voltdb.regressionsuites.TestReplicationSuite
     [exec]     [junit] Tests run:  20, Failures:   0, Errors:   0, Time elapsed: 94.98 sec
     [exec]     [junit] Running org.voltdb.regressionsuites.TestRollbackSuite
     [exec]     [junit] Tests run:  48, Failures:   0, Errors:   0, Time elapsed: 166.00 sec
     [exec]     [junit] Running org.voltdb.regressionsuites.TestSQLFeaturesSuite
     [exec]     [junit] Tests run:  45, Failures:   0, Errors:   0, Time elapsed: 756.13 sec
     [exec]     [junit] Running org.voltdb.regressionsuites.TestSQLTypesSuite
     [exec]     [junit] Tests run:  36, Failures:   0, Errors:   0, Time elapsed: 126.99 sec
     [exec]     [junit] Running org.voltdb.regressionsuites.TestSaveRestoreSysprocSuite
     [exec]     [junit] WARNING in native method: JNI FindClass received a bad class descriptor "Lorg/xerial/snappy/SnappyNative;".  A correct class descriptor has no leading "L" or trailing ";".  Incorrect descriptors will not be accepted in future releases.
     [exec]     [junit] 	at org.xerial.snappy.SnappyNative.rawUncompress(Native Method)
     [exec]     [junit] 	at org.xerial.snappy.Snappy.uncompress(Snappy.java:463)
     [exec]     [junit] 	at org.voltdb.utils.CompressionService.decompressBuffer(CompressionService.java:189)
     [exec]     [junit] 	at org.voltdb.sysprocs.saverestore.TableSaveFile$ChunkReader.readChunks(TableSaveFile.java:637)
     [exec]     [junit] 	at org.voltdb.sysprocs.saverestore.TableSaveFile$ChunkReader.run(TableSaveFile.java:769)
     [exec]     [junit] 	at java.lang.Thread.run(Thread.java:662)
     [exec]     [junit] WARNING in native method: JNI FindClass received a bad class descriptor "Lorg/xerial/snappy/SnappyNative;".  A correct class descriptor has no leading "L" or trailing ";".  Incorrect descriptors will not be accepted in future releases.
     [exec]     [junit] 	at org.xerial.snappy.SnappyNative.rawUncompress(Native Method)
     [exec]     [junit] 	at org.xerial.snappy.Snappy.uncompress(Snappy.java:463)
     [exec]     [junit] 	at org.voltdb.utils.CompressionService.decompressBuffer(CompressionService.java:189)
     [exec]     [junit] 	at org.voltdb.sysprocs.saverestore.TableSaveFile$ChunkReader.readChunks(TableSaveFile.java:637)
     [exec]     [junit] 	at org.voltdb.sysprocs.saverestore.TableSaveFile$ChunkReader.run(TableSaveFile.java:769)
     [exec]     [junit] 	at java.lang.Thread.run(Thread.java:662)
     [exec]     [junit] Tests run:  17, Failures:   0, Errors:   0, Time elapsed: 91.09 sec
     [exec]     [junit] Running org.voltdb.regressionsuites.TestSecuritySuite
     [exec]     [junit] Tests run:  10, Failures:   0, Errors:   0, Time elapsed: 31.42 sec
     [exec]     [junit] Running org.voltdb.regressionsuites.TestSneakyExecutionOrderSuite
     [exec]     [junit] Tests run:   2, Failures:   0, Errors:   0, Time elapsed: 4.79 sec
     [exec]     [junit] Running org.voltdb.regressionsuites.TestSqlAggregateSuite
     [exec]     [junit] Tests run:  18, Failures:   0, Errors:   0, Time elapsed: 48.14 sec
     [exec]     [junit] Running org.voltdb.regressionsuites.TestSqlLogicOperatorsSuite
     [exec]     [junit] Tests run:  16, Failures:   0, Errors:   0, Time elapsed: 39.42 sec
     [exec]     [junit] Running org.voltdb.regressionsuites.TestSqlUpdateSuite
     [exec]     [junit] Tests run:  36, Failures:   0, Errors:   0, Time elapsed: 76.99 sec
     [exec]     [junit] Running org.voltdb.regressionsuites.TestSystemCatalogSuite
     [exec]     [junit] Tests run:   8, Failures:   0, Errors:   0, Time elapsed: 25.58 sec
     [exec]     [junit] Running org.voltdb.regressionsuites.TestSystemInformationSuite
     [exec]     [junit] Tests run:   6, Failures:   0, Errors:   0, Time elapsed: 15.04 sec
     [exec]     [junit] Running org.voltdb.regressionsuites.TestSystemProcedureSuite
     [exec]     [junit] Tests run:  38, Failures:   0, Errors:   0, Time elapsed: 114.33 sec
     [exec]     [junit] Running org.voltdb.regressionsuites.TestTPCCSuite
     [exec]     [junit] Tests run:  14, Failures:   0, Errors:   0, Time elapsed: 73.01 sec
     [exec]     [junit] Running org.voltdb.regressionsuites.TestTempTableMemoryKnob
     [exec]     [junit] Tests run:   1, Failures:   0, Errors:   0, Time elapsed: 5.49 sec
     [exec]     [junit] Running org.voltdb.sysprocs.saverestore.TestClusterSaveFileState
     [exec]     [junit] Tests run:   7, Failures:   0, Errors:   0, Time elapsed: 0.30 sec
     [exec]     [junit] Running org.voltdb.sysprocs.saverestore.TestPartitionedTableSaveFileState
     [exec]     [junit] Tests run:   8, Failures:   0, Errors:   0, Time elapsed: 0.73 sec
     [exec]     [junit] Running org.voltdb.sysprocs.saverestore.TestReplicatedTableSaveFileState
     [exec]     [junit] Tests run:   4, Failures:   0, Errors:   0, Time elapsed: 0.46 sec
     [exec]     [junit] Running org.voltdb.sysprocs.saverestore.TestSavedTableConverter
     [exec]     [junit] Tests run:   5, Failures:   0, Errors:   0, Time elapsed: 0.60 sec
     [exec]     [junit] Running org.voltdb.sysprocs.saverestore.TestTableSaveFile
     [exec]     [junit] Tests run:   4, Failures:   0, Errors:   0, Time elapsed: 1.50 sec
     [exec]     [junit] Running org.voltdb.types.TestBlobType
     [exec]     [junit] Tests run:   3, Failures:   0, Errors:   0, Time elapsed: 5.95 sec
     [exec]     [junit] Running org.voltdb.types.TestExpressionType
     [exec]     [junit] Tests run:   2, Failures:   0, Errors:   0, Time elapsed: 0.16 sec
     [exec]     [junit] Running org.voltdb.types.TestVoltDecimalHelper
     [exec]     [junit] Tests run:   4, Failures:   0, Errors:   0, Time elapsed: 0.22 sec
     [exec]     [junit] Running org.voltdb.utils.TestCLibrary
     [exec]     [junit] Tests run:   1, Failures:   0, Errors:   0, Time elapsed: 0.27 sec
     [exec]     [junit] Running org.voltdb.utils.TestCatalogUtil
     [exec]     [junit] Tests run:   8, Failures:   0, Errors:   0, Time elapsed: 25.95 sec
     [exec]     [junit] Running org.voltdb.utils.TestCommandLine
     [exec]     [junit] Tests run:   5, Failures:   0, Errors:   0, Time elapsed: 0.24 sec
     [exec]     [junit] Running org.voltdb.utils.TestDBBPool
     [exec]     [junit] Tests run:   8, Failures:   0, Errors:   0, Time elapsed: 0.30 sec
     [exec]     [junit] Running org.voltdb.utils.TestEncoder
     [exec]     [junit] Tests run:   4, Failures:   0, Errors:   0, Time elapsed: 4.60 sec
     [exec]     [junit] Running org.voltdb.utils.TestInMemoryJarfile
     [exec]     [junit] Tests run:   3, Failures:   0, Errors:   0, Time elapsed: 13.13 sec
     [exec]     [junit] Running org.voltdb.utils.TestPersistentBinaryDeque
     [exec]     [junit] Tests run:  17, Failures:   0, Errors:   0, Time elapsed: 13.38 sec
     [exec]     [junit] Running org.voltdb.utils.TestVoltTypeUtil
     [exec]     [junit] Tests run:   4, Failures:   0, Errors:   0, Time elapsed: 0.17 sec
     [exec]     [junit] Running org.voltdb.zk.TestZK
     [exec]     [junit] Tests run:   7, Failures:   0, Errors:   0, Time elapsed: 2.19 sec
     [exec]     [mkdir] Created dir: /home/mike/voltdb/fork/voltdb/obj/release/testoutput/report
     [exec] [junitreport] Processing /home/mike/voltdb/fork/voltdb/obj/release/testoutput/TESTS-TestSuites.xml to /home/mike/voltdb/fork/voltdb/obj/release/testoutput/report/junit-noframes.html
     [exec] [junitreport] Loading stylesheet jar:file:/usr/share/ant/lib/ant-junit.jar!/org/apache/tools/ant/taskdefs/optional/junit/xsl/junit-noframes.xsl
     [exec] [junitreport] Transform time: 1268ms
     [exec] [junitreport] Processing /home/mike/voltdb/fork/voltdb/obj/release/testoutput/TESTS-TestSuites.xml to /home/mike/voltdb/fork/voltdb/obj/release/testoutput/junit-noframes.html
     [exec] [junitreport] Loading stylesheet /home/mike/voltdb/fork/voltdb/tools/junit-noframes.xsl
     [exec] [junitreport] Transform time: 486ms
     [exec]      [exec] See obj/release/testoutput/report/junit-noframes.html for details.
     [exec]      [exec] Suite TestCoveringIndexPlans reports 5 failure(s).
     [exec]      [exec]   Testcase testEng1023 junit.framework.AssertionFailedError
     [exec]      [exec]   Testcase testCover2ColumnsWithEquality junit.framework.AssertionFailedError
     [exec]      [exec]   Testcase testCover3ColumnsInOrderWithLessThan junit.framework.AssertionFailedError
     [exec]      [exec]   Testcase testCover3ColumnsOutOfOrderWithLessThan junit.framework.AssertionFailedError
     [exec]      [exec]   Testcase testSingleColumnLessThan junit.framework.AssertionFailedError
     [exec]      [exec] Suite TestIndexVSHashChoice reports 1 failure(s).
     [exec]      [exec]   Testcase testEng931Plan junit.framework.AssertionFailedError
     [exec]      [exec] Suite TestScanPlanNode reports 1 failure(s).
     [exec]      [exec]   Testcase testOutputSchemaSomeScanColumns junit.framework.AssertionFailedError
     [exec]      [exec] 
     [exec] 
     [exec] BUILD FAILED
     [exec] /home/mike/voltdb/fork/voltdb/build.xml:1241: JUnit had failures
     [exec] 
     [exec] Total time: 65 minutes 2 seconds

BUILD FAILED
/home/mike/voltdb/fork/voltdb/build.xml:143: exec returned: 1

Total time: 65 minutes 46 seconds
